This is pdfTeXk, Version 3.141592-1.40.3 (Web2C 7.5.6) (format=mptopdf 2009.6.25)  28 JUL 2009 01:56
 %&-line parsing enabled.
**\relax img.2
 (./img.2{/var/lib/texmf/fonts/map/pdftex/updmap/pdftex.map})
[1] 
Here is how much of TeX's memory you used:
 115 strings out of 96777
 838 string characters out of 1202761
 4022061 words of memory out of 5507294
 1733 multiletter control sequences out of 10000+50000
 1856 words of font info for 6 fonts, out of 1200000 for 2000
 0 hyphenation exceptions out of 8191
 10i,3n,7p,107b,313s stack positions out of 5000i,500n,6000p,200000b,5000s
</usr/share/texmf-texlive/fonts/type1/bluesky/cm/cmmi5.pfb></usr/share/texmf
-texlive/fonts/type1/bluesky/cm/cmmi7.pfb></usr/share/texmf-texlive/fonts/type1
/bluesky/cm/cmr10.pfb></usr/share/texmf-texlive/fonts/type1/bluesky/cm/cmr5.pfb
></usr/share/texmf-texlive/fonts/type1/bluesky/cm/cmr7.pfb></usr/share/texmf-te
xlive/fonts/type1/bluesky/cm/cmsy5.pfb>
Output written on img.pdf (1 page, 19675 bytes).
PDF statistics:
 32 PDF objects out of 1000 (max. 8388607)
 0 named destinations out of 1000 (max. 131072)
 7 words of extra memory for PDF output out of 10000 (max. 10000000)

