This is pdfTeXk, Version 3.141592-1.40.3 (Web2C 7.5.6) (format=latex 2008.11.1)  28 MAR 2009 16:45
entering extended mode
 %&-line parsing enabled.
**fourier
(./fourier.tex
LaTeX2e <2005/12/01>
Babel <v3.8h> and hyphenation patterns for english, usenglishmax, dumylang, noh
yphenation, arabic, farsi, croatian, ukrainian, russian, bulgarian, czech, slov
ak, danish, dutch, finnish, basque, french, german, ngerman, ibycus, greek, mon
ogreek, ancientgreek, hungarian, italian, latin, mongolian, norsk, icelandic, i
nterlingua, turkish, coptic, romanian, welsh, serbian, slovenian, estonian, esp
eranto, uppersorbian, indonesian, polish, portuguese, spanish, catalan, galicia
n, swedish, ukenglish, loaded.
(/usr/share/texmf-texlive/tex/latex/base/article.cls
Document Class: article 2005/09/16 v1.4f Standard LaTeX document class
(/usr/share/texmf-texlive/tex/latex/base/size10.clo
File: size10.clo 2005/09/16 v1.4f Standard LaTeX file (size option)
)
\c@part=\count79
\c@section=\count80
\c@subsection=\count81
\c@subsubsection=\count82
\c@paragraph=\count83
\c@subparagraph=\count84
\c@figure=\count85
\c@table=\count86
\abovecaptionskip=\skip41
\belowcaptionskip=\skip42
\bibindent=\dimen102
)
(/usr/share/texmf-texlive/tex/latex/base/makeidx.sty
Package: makeidx 2000/03/29 v1.0m Standard LaTeX package
)
\@indexfile=\write3
\openout3 = `fourier.idx'.


Writing index file fourier.idx
(/usr/share/texmf-texlive/tex/latex/graphics/graphicx.sty
Package: graphicx 1999/02/16 v1.0f Enhanced LaTeX Graphics (DPC,SPQR)

(/usr/share/texmf-texlive/tex/latex/graphics/keyval.sty
Package: keyval 1999/03/16 v1.13 key=value parser (DPC)
\KV@toks@=\toks14
)
(/usr/share/texmf-texlive/tex/latex/graphics/graphics.sty
Package: graphics 2006/02/20 v1.0o Standard LaTeX Graphics (DPC,SPQR)

(/usr/share/texmf-texlive/tex/latex/graphics/trig.sty
Package: trig 1999/03/16 v1.09 sin cos tan (DPC)
)
(/etc/texmf/tex/latex/config/graphics.cfg
File: graphics.cfg 2007/01/18 v1.5 graphics configuration of teTeX/TeXLive
)
Package graphics Info: Driver file: dvips.def on input line 90.

(/usr/share/texmf-texlive/tex/latex/graphics/dvips.def
File: dvips.def 1999/02/16 v3.0i Driver-dependant file (DPC,SPQR)
))
\Gin@req@height=\dimen103
\Gin@req@width=\dimen104
)
(/usr/share/texmf-texlive/tex/latex/mh/mathtools.sty
Package: mathtools 2004/10/10 v1.01a mathematical typesetting tools (MH)

(/usr/share/texmf-texlive/tex/latex/tools/calc.sty
Package: calc 2005/08/06 v4.2 Infix arithmetic (KKT,FJ)
\calc@Acount=\count87
\calc@Bcount=\count88
\calc@Adimen=\dimen105
\calc@Bdimen=\dimen106
\calc@Askip=\skip43
\calc@Bskip=\skip44
LaTeX Info: Redefining \setlength on input line 75.
LaTeX Info: Redefining \addtolength on input line 76.
\calc@Ccount=\count89
\calc@Cskip=\skip45
)
(/usr/share/texmf-texlive/tex/latex/mh/mhsetup.sty
Package: mhsetup 2004/10/10 v1.0b programming setup (MH)
)
(/usr/share/texmf-texlive/tex/latex/amsmath/amsmath.sty
Package: amsmath 2000/07/18 v2.13 AMS math features
\@mathmargin=\skip46

For additional information on amsmath, use the `?' option.
(/usr/share/texmf-texlive/tex/latex/amsmath/amstext.sty
Package: amstext 2000/06/29 v2.01

(/usr/share/texmf-texlive/tex/latex/amsmath/amsgen.sty
File: amsgen.sty 1999/11/30 v2.0
\@emptytoks=\toks15
\ex@=\dimen107
))
(/usr/share/texmf-texlive/tex/latex/amsmath/amsbsy.sty
Package: amsbsy 1999/11/29 v1.2d
\pmbraise@=\dimen108
)
(/usr/share/texmf-texlive/tex/latex/amsmath/amsopn.sty
Package: amsopn 1999/12/14 v2.01 operator names
)
\inf@bad=\count90
LaTeX Info: Redefining \frac on input line 211.
\uproot@=\count91
\leftroot@=\count92
LaTeX Info: Redefining \overline on input line 307.
\classnum@=\count93
\DOTSCASE@=\count94
LaTeX Info: Redefining \ldots on input line 379.
LaTeX Info: Redefining \dots on input line 382.
LaTeX Info: Redefining \cdots on input line 467.
\Mathstrutbox@=\box26
\strutbox@=\box27
\big@size=\dimen109
LaTeX Font Info:    Redeclaring font encoding OML on input line 567.
LaTeX Font Info:    Redeclaring font encoding OMS on input line 568.
\macc@depth=\count95
\c@MaxMatrixCols=\count96
\dotsspace@=\muskip10
\c@parentequation=\count97
\dspbrk@lvl=\count98
\tag@help=\toks16
\row@=\count99
\column@=\count100
\maxfields@=\count101
\andhelp@=\toks17
\eqnshift@=\dimen110
\alignsep@=\dimen111
\tagshift@=\dimen112
\tagwidth@=\dimen113
\totwidth@=\dimen114
\lineht@=\dimen115
\@envbody=\toks18
\multlinegap=\skip47
\multlinetaggap=\skip48
\mathdisplay@stack=\toks19
LaTeX Info: Redefining \[ on input line 2666.
LaTeX Info: Redefining \] on input line 2667.
)
\g_MT_multlinerow_int=\count102
\l_MT_multwidth_dim=\dimen116
)
(/usr/share/texmf-texlive/tex/latex/tools/verbatim.sty
Package: verbatim 2003/08/22 v1.5q LaTeX2e package for verbatim enhancements
\every@verbatim=\toks20
\verbatim@line=\toks21
\verbatim@in@stream=\read1
)
(/usr/share/texmf-texlive/tex/latex/paralist/paralist.sty
Package: paralist 2002/03/18 v2.3b Extended list environments (BS)
\pltopsep=\skip49
\plpartopsep=\skip50
\plitemsep=\skip51
\plparsep=\skip52
\pl@lab=\toks22
)
(/usr/share/texmf-texlive/tex/latex/manfnt/manfnt.sty
Package: manfnt 1999/07/010.2LaTeX2e manfnt package
\dbend@height=\skip53
)
(/usr/share/texmf-texlive/tex/latex/amsfonts/amssymb.sty
Package: amssymb 2002/01/22 v2.2d

(/usr/share/texmf-texlive/tex/latex/amsfonts/amsfonts.sty
Package: amsfonts 2001/10/25 v2.2f
\symAMSa=\mathgroup4
\symAMSb=\mathgroup5
LaTeX Font Info:    Overwriting math alphabet `\mathfrak' in version `bold'
(Font)                  U/euf/m/n --> U/euf/b/n on input line 132.
))
(/usr/share/texmf-texlive/tex/latex/amscls/amsthm.sty
Package: amsthm 2004/08/06 v2.20
\thm@style=\toks23
\thm@bodyfont=\toks24
\thm@headfont=\toks25
\thm@notefont=\toks26
\thm@headpunct=\toks27
\thm@preskip=\skip54
\thm@postskip=\skip55
\thm@headsep=\skip56
\dth@everypar=\toks28
)
(/usr/share/texmf-texlive/tex/latex/amsmath/amsxtra.sty
Package: amsxtra 1999/11/15 v1.2c
LaTeX Info: Redefining \nobreakspace on input line 77.
)
(/usr/share/texmf-texlive/tex/latex/bbm/bbm.sty
Package: bbm 1999/03/15 V 1.2 provides fonts for set symbols - TH
LaTeX Font Info:    Overwriting math alphabet `\mathbbm' in version `bold'
(Font)                  U/bbm/m/n --> U/bbm/bx/n on input line 33.
LaTeX Font Info:    Overwriting math alphabet `\mathbbmss' in version `bold'
(Font)                  U/bbmss/m/n --> U/bbmss/bx/n on input line 35.
)
(/usr/share/texmf-texlive/tex/latex/carlisle/slashed.sty
Package: slashed 1997/01/16 v0.01 Feynman Slashed Character Notation (DPC)
)
(/usr/share/texmf-texlive/tex/latex/hyperref/hyperref.sty
Package: hyperref 2007/02/07 v6.75r Hypertext links for LaTeX
\@linkdim=\dimen117
\Hy@linkcounter=\count103
\Hy@pagecounter=\count104

(/usr/share/texmf-texlive/tex/latex/hyperref/pd1enc.def
File: pd1enc.def 2007/02/07 v6.75r Hyperref: PDFDocEncoding definition (HO)
)
(/etc/texmf/tex/latex/config/hyperref.cfg
File: hyperref.cfg 2002/06/06 v1.2 hyperref configuration of TeXLive
)
(/usr/share/texmf-texlive/tex/latex/oberdiek/kvoptions.sty
Package: kvoptions 2006/08/22 v2.4 Connects package keyval with LaTeX options (
HO)
)
Package hyperref Info: Hyper figures OFF on input line 2288.
Package hyperref Info: Link nesting OFF on input line 2293.
Package hyperref Info: Hyper index ON on input line 2296.
Package hyperref Info: Plain pages OFF on input line 2303.
Package hyperref Info: Backreferencing OFF on input line 2308.

Implicit mode ON; LaTeX internals redefined
Package hyperref Info: Bookmarks ON on input line 2444.
(/usr/share/texmf-texlive/tex/latex/ltxmisc/url.sty
\Urlmuskip=\muskip11
Package: url 2005/06/27  ver 3.2  Verb mode for urls, etc.
)
LaTeX Info: Redefining \url on input line 2599.
\Fld@menulength=\count105
\Field@Width=\dimen118
\Fld@charsize=\dimen119
\Choice@toks=\toks29
\Field@toks=\toks30
Package hyperref Info: Hyper figures OFF on input line 3102.
Package hyperref Info: Link nesting OFF on input line 3107.
Package hyperref Info: Hyper index ON on input line 3110.
Package hyperref Info: backreferencing OFF on input line 3117.
Package hyperref Info: Link coloring OFF on input line 3122.
\Hy@abspage=\count106
\c@Item=\count107
\c@Hfootnote=\count108
)
*hyperref using default driver hdvips*
(/usr/share/texmf-texlive/tex/latex/hyperref/hdvips.def
File: hdvips.def 2007/02/07 v6.75r Hyperref driver for dvips

(/usr/share/texmf-texlive/tex/latex/hyperref/pdfmark.def
File: pdfmark.def 2007/02/07 v6.75r Hyperref definitions for pdfmark specials
\pdf@docset=\toks31
\pdf@box=\box28
\pdf@toks=\toks32
\pdf@defaulttoks=\toks33
\Fld@listcount=\count109
))
Package hyperref Info: Option `colorlinks' set `true' on input line 32.

(/usr/share/texmf-texlive/tex/latex/feyn/feyn.sty
Package: feyn 2002/04/23 0.1 textpos

Package: `feyn' 0.1 <2002/04/23>
\symfeynman=\mathgroup6
\symtextfeynman=\mathgroup7
LaTeX Font Info:    Try loading font information for U+msa on input line 72.
(/usr/share/texmf-texlive/tex/latex/amsfonts/umsa.fd
File: umsa.fd 2002/01/19 v2.2g AMS font definitions
)
LaTeX Font Info:    Try loading font information for U+msb on input line 72.

(/usr/share/texmf-texlive/tex/latex/amsfonts/umsb.fd
File: umsb.fd 2002/01/19 v2.2g AMS font definitions
)
\FEYN@module=\dimen120
\FEYN@maxis=\dimen121
)
(/usr/share/texmf-texlive/tex/latex/graphics/color.sty
Package: color 2005/11/14 v1.0j Standard LaTeX Color (DPC)

(/etc/texmf/tex/latex/config/color.cfg
File: color.cfg 2007/01/18 v1.5 color configuration of teTeX/TeXLive
)
Package color Info: Driver file: dvips.def on input line 130.

(/usr/share/texmf-texlive/tex/latex/graphics/dvipsnam.def
File: dvipsnam.def 1999/02/16 v3.0i Driver-dependant file (DPC,SPQR)
))
(/usr/share/texmf-texlive/tex/latex/float/float.sty
Package: float 2001/11/08 v1.3d Float enhancements (AL)
\c@float@type=\count110
\float@exts=\toks34
\float@box=\box29
\@float@everytoks=\toks35
\@floatcapt=\box30
)
(/usr/share/texmf-texlive/tex/latex/subfigure/subfigure.sty
Package: subfigure 2002/03/15 v2.1.5 subfigure package
\subfigtopskip=\skip57
\subfigcapskip=\skip58
\subfigcaptopadj=\dimen122
\subfigbottomskip=\skip59
\subfigcapmargin=\dimen123
\subfiglabelskip=\skip60
\c@subfigure=\count111
\c@lofdepth=\count112
\c@subtable=\count113
\c@lotdepth=\count114

****************************************
* Local config file subfigure.cfg used *
****************************************
(/usr/share/texmf-texlive/tex/latex/subfigure/subfigure.cfg)
\subfig@top=\skip61
\subfig@bottom=\skip62
)
(/usr/share/texmf-texlive/tex/latex/eepic/epic.sty
Enhancements to Picture Environment. Version 1.2 - Released June 1, 1986
\@@multicnt=\count115
\d@lta=\count116
\@delta=\dimen124
\@@delta=\dimen125
\@gridcnt=\count117
\@joinkind=\count118
\@dotgap=\dimen126
\@ddotgap=\dimen127
\@x@diff=\count119
\@y@diff=\count120
\x@diff=\dimen128
\y@diff=\dimen129
\@dotbox=\box31
\num@segments=\count121
\num@segmentsi=\count122
\@datafile=\read2
) (/usr/share/texmf-texlive/tex/latex/eepic/eepic.sty
Extension to Epic and LaTeX. Version 1.1e - Released Dec 21, 1999
\@gphlinewidth=\count123
\@eepictcnt=\count124
\@tempdimc=\dimen130
\maxovaldiam=\dimen131
\@filltype=\box32
) (/usr/share/texmf-texlive/tex/latex/tools/enumerate.sty
Package: enumerate 1999/03/05 v3.00 enumerate extensions (DPC)
\@enLab=\toks36
)
(/usr/share/texmf-texlive/tex/latex/wrapfig/wrapfig.sty
\wrapoverhang=\dimen132
\WF@size=\dimen133
\c@WF@wrappedlines=\count125
\WF@box=\box33
\WF@everypar=\toks37
Package: wrapfig 2003/01/31  v 3.6
)
(/usr/share/texmf-texlive/tex/latex/oberdiek/stackrel.sty
Package: stackrel 2006/12/02 v1.0 Adding subscript option to stackrel (HO)
)
(/usr/share/texmf-texlive/tex/latex/ltxmisc/ulem.sty
\UL@box=\box34
\UL@hyphenbox=\box35
\UL@skip=\skip63
\UL@hook=\toks38
\UL@pe=\count126
\UL@pixel=\dimen134
\ULC@box=\box36
Package: ulem 2000/05/26
\ULdepth=\dimen135
)
\c@defn=\count127
\c@ex=\count128
\c@prop=\count129
\c@thm=\count130
\c@lem=\count131
\c@axm=\count132
\c@rmk=\count133
\c@cor=\count134
\c@property=\count135
 (./fourier.aux)
\openout1 = `fourier.aux'.

LaTeX Font Info:    Checking defaults for OML/cmm/m/it on input line 106.
LaTeX Font Info:    ... okay on input line 106.
LaTeX Font Info:    Checking defaults for T1/cmr/m/n on input line 106.
LaTeX Font Info:    ... okay on input line 106.
LaTeX Font Info:    Checking defaults for OT1/cmr/m/n on input line 106.
LaTeX Font Info:    ... okay on input line 106.
LaTeX Font Info:    Checking defaults for OMS/cmsy/m/n on input line 106.
LaTeX Font Info:    ... okay on input line 106.
LaTeX Font Info:    Checking defaults for OMX/cmex/m/n on input line 106.
LaTeX Font Info:    ... okay on input line 106.
LaTeX Font Info:    Checking defaults for U/cmr/m/n on input line 106.
LaTeX Font Info:    ... okay on input line 106.
LaTeX Font Info:    Checking defaults for PD1/pdf/m/n on input line 106.
LaTeX Font Info:    ... okay on input line 106.
Package hyperref Info: Link coloring ON on input line 106.

(/usr/share/texmf-texlive/tex/latex/hyperref/nameref.sty
Package: nameref 2006/12/27 v2.28 Cross-referencing by name of section

(/usr/share/texmf-texlive/tex/latex/oberdiek/refcount.sty
Package: refcount 2006/02/20 v3.0 Data extraction from references (HO)
)
\c@section@level=\count136
)
LaTeX Info: Redefining \ref on input line 106.
LaTeX Info: Redefining \pageref on input line 106.
 (./fourier.out)
(./fourier.out)
\@outlinefile=\write4
\openout4 = `fourier.out'.

 (./fourier.toc [1

]
Overfull \hbox (0.47755pt too wide) in paragraph at lines 29--29
 [] [] []  
 []

)
\tf@toc=\write5
\openout5 = `fourier.toc'.

 (./fourier.lof
Underfull \vbox (badness 5970) has occurred while \output is active []

 [2]
Overfull \hbox (5.32704pt too wide) in paragraph at lines 7--7
 [][] [] [][]  
 []

)
\tf@lof=\write6
\openout6 = `fourier.lof'.

 (./fourierIndex.tex
Overfull \hbox (14.98778pt too wide) in paragraph at lines 13--13
[]\OT1/cmr/bx/n/14.4 Differential Equa-tions: A Mo-ti-va-tion for Fourier
 []

(/home/alex/book/fourier/tex/31March2008.tex
(/home/alex/book/fourier/img/31March2008img1.tex) [3] [4] [5])
(/home/alex/book/fourier/tex/2April2008.tex [6] [7] [8] [9]
File: $HOME/book/fourier/img/2April2008triangleWave.eps Graphic file (type eps)


<$HOME/book/fourier/img/2April2008triangleWave.eps> [10]
Underfull \vbox (badness 10000) has occurred while \output is active []

 [11]
File: $HOME/book/fourier/img/2April2008img2.eps Graphic file (type eps)

<$HOME/book/fourier/img/2April2008img2.eps>

LaTeX Warning: `h' float specifier changed to `ht'.

) (/home/alex/book/fourier/tex/4April2008.tex [12] [13] [14]
Underfull \vbox (badness 3954) has occurred while \output is active []

 [15])
(/home/alex/book/fourier/tex/9April2008.tex [16] [17] [18] [19]
File: $HOME/book/fourier/img/9April2008stepFunction.eps Graphic file (type eps)


<$HOME/book/fourier/img/9April2008stepFunction.eps> [20])
(/home/alex/book/fourier/tex/11April2008.tex [21] [22] [23])
(/home/alex/book/fourier/tex/reviewVectorSpace.tex [24])
(/home/alex/book/fourier/tex/16April2008.tex
Overfull \hbox (25.19705pt too wide) in paragraph at lines 26--43
[][] 
 []

[25]
Overfull \hbox (25.19705pt too wide) in paragraph at lines 48--67
[][] 
 []

[26] [27] [28] [29] [30] [31])

Package hyperref Warning: Token not allowed in a PDFDocEncoded string,
(hyperref)                removing `math shift' on input line 27.


Package hyperref Warning: Token not allowed in a PDFDocEncoded string,
(hyperref)                removing `superscript' on input line 27.


Package hyperref Warning: Token not allowed in a PDFDocEncoded string,
(hyperref)                removing `math shift' on input line 27.

(/home/alex/book/fourier/tex/18April2008.tex [32] [33] [34] [35])

Package hyperref Warning: Token not allowed in a PDFDocEncoded string,
(hyperref)                removing `math shift' on input line 29.


Package hyperref Warning: Token not allowed in a PDFDocEncoded string,
(hyperref)                removing `superscript' on input line 29.


Package hyperref Warning: Token not allowed in a PDFDocEncoded string,
(hyperref)                removing `math shift' on input line 29.

(/home/alex/book/fourier/tex/21April2008.tex [36] [37]

Package hyperref Warning: Token not allowed in a PDFDocEncoded string,
(hyperref)                removing `math shift' on input line 151.


Package hyperref Warning: Token not allowed in a PDFDocEncoded string,
(hyperref)                removing `superscript' on input line 151.


Package hyperref Warning: Token not allowed in a PDFDocEncoded string,
(hyperref)                removing `math shift' on input line 151.

[38]) (/home/alex/book/fourier/tex/23April2008.tex
Overfull \hbox (6.0206pt too wide) in paragraph at lines 11--13
[]\OT1/cmr/bx/n/10 Theorem 9.1. []\OT1/cmr/m/n/10 The set $\OMS/cmsy/m/n/10 f[]
\OT1/cmr/m/n/10 (\OML/cmm/m/it/10 inx\OT1/cmr/m/n/10 )\OML/cmm/m/it/10 =[]\OMS/
cmsy/m/n/10 g[]$ \OT1/cmr/m/n/10 is an or-thonor-mal ba-sis in $\OML/cmm/m/it/1
0 L[]\OT1/cmr/m/n/10 (\OMS/cmsy/m/n/10 ^^@\OML/cmm/m/it/10 ^^Y; ^^Y\OT1/cmr/m/n
/10 )$.
 []

[39]
Underfull \vbox (badness 1019) has occurred while \output is active []

 [40]
[41]) (/home/alex/book/fourier/tex/25April2008.tex [42] [43]
Overfull \hbox (10.93466pt too wide) detected at line 111
 []$[] \OT1/cmr/m/n/10 = \OML/cmm/m/it/10 r\OT1/cmr/m/n/10 (\OML/cmm/m/it/10 x\
OT1/cmr/m/n/10 )\OML/cmm/m/it/10 f[]\OT1/cmr/m/n/10 (\OML/cmm/m/it/10 x\OT1/cmr
/m/n/10 )[]\OMS/cmsy/m/n/10 j[] ^^@ \OML/cmm/m/it/10 r\OT1/cmr/m/n/10 (\OML/cmm
/m/it/10 x\OT1/cmr/m/n/10 )[]\OML/cmm/m/it/10 f\OT1/cmr/m/n/10 (\OML/cmm/m/it/1
0 x\OT1/cmr/m/n/10 )\OMS/cmsy/m/n/10 j[] ^^@ [][]\OT1/cmr/m/n/10 [\OML/cmm/m/it
/10 r\OT1/cmr/m/n/10 (\OML/cmm/m/it/10 x\OT1/cmr/m/n/10 )[]][]\OML/cmm/m/it/10 
f\OT1/cmr/m/n/10 (\OML/cmm/m/it/10 x\OT1/cmr/m/n/10 )\OML/cmm/m/it/10 dx \OT1/c
mr/m/n/10 + [][] \OML/cmm/m/it/10 p\OT1/cmr/m/n/10 (\OML/cmm/m/it/10 x\OT1/cmr/
m/n/10 )\OML/cmm/m/it/10 f\OT1/cmr/m/n/10 (\OML/cmm/m/it/10 x\OT1/cmr/m/n/10 )[
]\OML/cmm/m/it/10 dx$ []  
 []


Overfull \hbox (20.45422pt too wide) detected at line 116
[]\OMS/cmsy/m/n/10 h\OML/cmm/m/it/10 L\OT1/cmr/m/n/10 (\OML/cmm/m/it/10 f\OT1/c
mr/m/n/10 )\OML/cmm/m/it/10 ; g\OMS/cmsy/m/n/10 i \OT1/cmr/m/n/10 = [][] \OML/c
mm/m/it/10 f\OT1/cmr/m/n/10 (\OML/cmm/m/it/10 x\OT1/cmr/m/n/10 ) [] \OML/cmm/m/
it/10 dx \OT1/cmr/m/n/10 + []
 []

[44] [45]) (/home/alex/book/fourier/tex/28April2008.tex [46] [47] [48]
Overfull \hbox (24.96066pt too wide) in paragraph at lines 206--206
[] 
 []

[49])
Overfull \hbox (25.61453pt too wide) in paragraph at lines 37--37
[]\OT1/cmr/bx/n/14.4 Solving the Heat Equa-tion us-ing Sturm-Liouville
 []

(/home/alex/book/fourier/tex/30April2008.tex [50]
(/home/alex/book/fourier/img/30April2008img1.tex) [51]

LaTeX Warning: Characters dropped after `\end{inparaenum}' on input line 143.

[52]) (/home/alex/book/fourier/tex/2May2008.tex
File: $HOME/book/fourier/img/2May2008img1.eps Graphic file (type eps)

<$HOME/book/fourier/img/2May2008img1.eps> [53]
Overfull \hbox (42.63322pt too wide) in paragraph at lines 66--66
[] 
 []

[54] [55] [56]
Overfull \hbox (70.50386pt too wide) in paragraph at lines 209--209
[] 
 []

[57]) [58]

Package hyperref Warning: Token not allowed in a PDFDocEncoded string,
(hyperref)                removing `math shift' on input line 45.


Package hyperref Warning: Token not allowed in a PDFDocEncoded string,
(hyperref)                removing `superscript' on input line 45.


Package hyperref Warning: Token not allowed in a PDFDocEncoded string,
(hyperref)                removing `math shift' on input line 45.

(/home/alex/book/fourier/tex/5May2008.tex [59] [60] [61])
(/home/alex/book/fourier/tex/9May2008.tex [62] [63] [64]
File: $HOME/book/fourier/img/9May2008img1.eps Graphic file (type eps)

<$HOME/book/fourier/img/9May2008img1.eps>
File: $HOME/book/fourier/img/9May2008img2.eps Graphic file (type eps)

<$HOME/book/fourier/img/9May2008img2.eps> [65])
(/home/alex/book/fourier/tex/12May2008.tex [66] [67])
(/home/alex/book/fourier/tex/14May2008.tex [68] [69] [70]
Underfull \vbox (badness 5331) has occurred while \output is active []

 [71])
Overfull \hbox (5.17969pt too wide) in paragraph at lines 52--52
[]\OT1/cmr/bx/n/14.4 Inverse Fourier Trans-form, Fourier Trans-form
 []


Package hyperref Warning: Token not allowed in a PDFDocEncoded string,
(hyperref)                removing `math shift' on input line 52.


Package hyperref Warning: Token not allowed in a PDFDocEncoded string,
(hyperref)                removing `superscript' on input line 52.


Package hyperref Warning: Token not allowed in a PDFDocEncoded string,
(hyperref)                removing `math shift' on input line 52.

(/home/alex/book/fourier/tex/16May2008.tex [72] [73]

Package hyperref Warning: Token not allowed in a PDFDocEncoded string,
(hyperref)                removing `math shift' on input line 132.


Package hyperref Warning: Token not allowed in a PDFDocEncoded string,
(hyperref)                removing `superscript' on input line 132.


Package hyperref Warning: Token not allowed in a PDFDocEncoded string,
(hyperref)                removing `math shift' on input line 132.

[74]) (/home/alex/book/fourier/tex/19May2008part1.tex
File: $HOME/book/fourier/img/19May2008img1.eps Graphic file (type eps)

<$HOME/book/fourier/img/19May2008img1.eps>
File: $HOME/book/fourier/img/19May2008img2.eps Graphic file (type eps)

<$HOME/book/fourier/img/19May2008img2.eps> [75]
Overfull \vbox (64.98157pt too high) has occurred while \output is active []


[76]
File: $HOME/book/fourier/img/19May2008img3.eps Graphic file (type eps)
 <$HOME/book/fourier/img/19May2008img3.eps> [77] [78] [79])
(/home/alex/book/fourier/tex/21May2008.tex [80] [81])
(/home/alex/book/fourier/tex/23May2008.tex [82])) (./fourier.bbl)
(./fourier.ind [83] [84] [85

]
Overfull \hbox (3.66696pt too wide) in paragraph at lines 115--116
[]| \OT1/cmr/m/n/10 Self Ad-joint Lin-ear Dif-fer-en-tial Op-
 []


Overfull \hbox (9.00032pt too wide) in paragraph at lines 207--208
[]| \OT1/cmr/m/n/10 From Reg-u-lar Sturm-Liouville Prob-
 []

[86]) (./fourier.aux) ) 
Here is how much of TeX's memory you used:
 5148 strings out of 94081
 71521 string characters out of 1165334
 138387 words of memory out of 1500000
 8220 multiletter control sequences out of 10000+50000
 24165 words of font info for 99 fonts, out of 1200000 for 2000
 645 hyphenation exceptions out of 8191
 33i,19n,39p,367b,451s stack positions out of 5000i,500n,6000p,200000b,5000s

Output written on fourier.dvi (86 pages, 483500 bytes).
