\BOOKMARK [1][-]{section.1}{1. Feynman Rules in a Nutshell with a Toy Model}{}
\BOOKMARK [2][-]{subsection.1.1}{1.1. Example}{section.1}
\BOOKMARK [2][-]{subsection.1.2}{1.2. A Slightly More Complicated Example}{section.1}
\BOOKMARK [1][-]{section.2}{2. Renormalization}{}
\BOOKMARK [1][-]{section*.1}{Before Going to QED...}{}
\BOOKMARK [1][-]{section.3}{3. Klein-Gordon Review}{}
\BOOKMARK [1][-]{section.4}{4. Dirac takes it up a notch...bam!}{}
\BOOKMARK [2][-]{subsection.4.1}{4.1. A Somewhat Rigorous Derivation of the Dirac Equation}{section.4}
\BOOKMARK [2][-]{subsection.4.2}{4.2. A Comparison to the Pauli Theory}{section.4}
\BOOKMARK [2][-]{subsection.4.3}{4.3. Covariant Form and Relativistic Invariance}{section.4}
\BOOKMARK [2][-]{subsection.4.4}{4.4. Conservation Laws and Canonical Structure}{section.4}
\BOOKMARK [2][-]{subsection.4.5}{4.5. Solutions to the Dirac Equation}{section.4}
\BOOKMARK [1][-]{section.5}{5. Some Notes on Spinor Technology}{}
\BOOKMARK [2][-]{section*.2}{Please Take Note!}{section.5}
\BOOKMARK [1][-]{section.6}{6. Maxwell's Equations in a Nutshell}{}
\BOOKMARK [1][-]{section.7}{7. A Comically Brief Review}{}
\BOOKMARK [1][-]{section.8}{8. Quantum Electrodynamics}{}
\BOOKMARK [2][-]{subsection.8.1}{8.1. The Rules to the Game}{section.8}
\BOOKMARK [1][-]{section.9}{9. Elastic Processes}{}
\BOOKMARK [2][-]{subsection.9.1}{9.1. Electron-Muon Scattering}{section.9}
\BOOKMARK [2][-]{subsection.9.2}{9.2. Moller Scattering}{section.9}
\BOOKMARK [1][-]{section*.3}{Concluding Remarks}{}
\BOOKMARK [1][-]{appendix.A}{Appendix A. Gamma Matrices}{}
\BOOKMARK [2][-]{subsection.A.1}{A.1. Representations of the Gamma Matrices}{appendix.A}
\BOOKMARK [2][-]{subsection.A.2}{A.2. Euclidean Representation}{appendix.A}
\BOOKMARK [1][-]{appendix.B}{Appendix B. Decay Rates and Feynman Diagrams}{}
\BOOKMARK [2][-]{subsection.B.1}{B.1. Fermi's Golden Rule}{appendix.B}
\BOOKMARK [1][-]{section*.4}{References}{}
