This is MetaPost, Version 0.993 (Web2C 7.5.6) (mem=mpost 2008.11.1)  1 FEB 2009 16:19
**x
(/usr/share/texmf-texlive/fonts/source/public/levy/x.mf
! Extra tokens will be flushed.
<to be read again> 
                   def
l.3 def
        dims = 8.5u#,asc_height#,desc_depth# enddef;
? quit
OK, entering batchmode...
>> cmchar
! Isolated expression.
<to be read again> 
                   "Lowercase xi"
l.28 cmchar "Lowercase xi"
                          ;
I couldn't find an `=' or `:=' after the
expression that is shown above this error message,
so I guess I'll just ignore it and carry on.

! Extra tokens will be flushed.
<to be read again> 
                   "Lowercase xi"
l.28 cmchar "Lowercase xi"
                          ;
I've just read as much of that statement as I could fathom,
so a semicolon should have been next. It's very puzzling...
but I'll try to get myself back together, by ignoring
everything up to the next `;'. Please insert a semicolon
now in front of anything that you don't want me to delete.
(See Chapter 27 of The METAFONTbook for an example.)

>> beginchar
! Isolated expression.
<to be read again> 
                   (
l.29 beginchar(
               "x",dims);
I couldn't find an `=' or `:=' after the
expression that is shown above this error message,
so I guess I'll just ignore it and carry on.

! Extra tokens will be flushed.
<to be read again> 
                   (
l.29 beginchar(
               "x",dims);
I've just read as much of that statement as I could fathom,
so a semicolon should have been next. It's very puzzling...
but I'll try to get myself back together, by ignoring
everything up to the next `;'. Please insert a semicolon
now in front of anything that you don't want me to delete.
(See Chapter 27 of The METAFONTbook for an example.)

>> this_letter
! Isolated expression.
<to be read again> 
                   ;
l.30 this_letter;
                  penlabels(1,2,3,4,5,6,7,8,9,10); endchar;
I couldn't find an `=' or `:=' after the
expression that is shown above this error message,
so I guess I'll just ignore it and carry on.

>> (x1l-3.87437,y1l-3.45926,1,0,0,1)
! Transform components aren't all known.
<to be read again> 
                   endgroup
dotlabel->...group.label(SUFFIX2)((EXPR3),(EXPR4))
                                                  (TEXT5);interim.linecap:=r...
<to be read again> 
                   ;
<for(1)> makelabel(str(SUFFIX0)l,z(SUFFIX0)l);
                                               ENDFOR
<for(l)> ...abel(str$(SUFFIX0),z$(SUFFIX0));endfor
                                                   ENDFOR
penlabels->...UFFIX2)(str$ $$,z$ $$);endfor.endfor
                                                  .endgroup
l.30 this_letter; penlabels(1,2,3,4,5,6,7,8,9,10)
                                                 ; endchar;
I'm unable to apply a partially specified transformation
except to a fully known pair or transform.
Proceed, and I'll omit the transformation.

>> x1l
! Undefined x coordinate has been replaced by 0.
<to be read again> 
                   withpen
draw->...:also(EXPR0)else:doublepath(EXPR0)withpen
                                                  .currentpen.fi._op_
<to be read again> 
                   withpen
dotlabel->...m.linecap:=rounded;draw(EXPR4)withpen
                                                  .pencircle.scaled.dotlabel...
<to be read again> 
                   ;
<for(1)> makelabel(str(SUFFIX0)l,z(SUFFIX0)l);
                                               ENDFOR
<for(l)> ...abel(str$(SUFFIX0),z$(SUFFIX0));endfor
                                                   ENDFOR
penlabels->...UFFIX2)(str$ $$,z$ $$);endfor.endfor
                                                  .endgroup
l.30 this_letter; penlabels(1,2,3,4,5,6,7,8,9,10)
                                                 ; endchar;
I need a `known' x value for this part of the path.
The value I found (see above) was no good;
so I'll try to keep going by using zero instead.
(Chapter 27 of The METAFONTbook explains that
you might want to type `I ???' now.)

>> y1l
! Undefined y coordinate has been replaced by 0.
<to be read again> 
                   withpen
draw->...:also(EXPR0)else:doublepath(EXPR0)withpen
                                                  .currentpen.fi._op_
<to be read again> 
                   withpen
dotlabel->...m.linecap:=rounded;draw(EXPR4)withpen
                                                  .pencircle.scaled.dotlabel...
<to be read again> 
                   ;
<for(1)> makelabel(str(SUFFIX0)l,z(SUFFIX0)l);
                                               ENDFOR
<for(l)> ...abel(str$(SUFFIX0),z$(SUFFIX0));endfor
                                                   ENDFOR
penlabels->...UFFIX2)(str$ $$,z$ $$);endfor.endfor
                                                  .endgroup
l.30 this_letter; penlabels(1,2,3,4,5,6,7,8,9,10)
                                                 ; endchar;
I need a `known' y value for this part of the path.
The value I found (see above) was no good;
so I'll try to keep going by using zero instead.
(Chapter 27 of The METAFONTbook explains that
you might want to type `I ???' now.)

>> (x2l-3.87437,y2l-3.45926,1,0,0,1)
! Transform components aren't all known.
<to be read again> 
                   endgroup
dotlabel->...group.label(SUFFIX2)((EXPR3),(EXPR4))
                                                  (TEXT5);interim.linecap:=r...
<to be read again> 
                   ;
<for(2)> makelabel(str(SUFFIX0)l,z(SUFFIX0)l);
                                               ENDFOR
<for(l)> ...abel(str$(SUFFIX0),z$(SUFFIX0));endfor
                                                   ENDFOR
penlabels->...UFFIX2)(str$ $$,z$ $$);endfor.endfor
                                                  .endgroup
l.30 this_letter; penlabels(1,2,3,4,5,6,7,8,9,10)
                                                 ; endchar;
I'm unable to apply a partially specified transformation
except to a fully known pair or transform.
Proceed, and I'll omit the transformation.

>> x2l
! Undefined x coordinate has been replaced by 0.
<to be read again> 
                   withpen
draw->...:also(EXPR0)else:doublepath(EXPR0)withpen
                                                  .currentpen.fi._op_
<to be read again> 
                   withpen
dotlabel->...m.linecap:=rounded;draw(EXPR4)withpen
                                                  .pencircle.scaled.dotlabel...
<to be read again> 
                   ;
<for(2)> makelabel(str(SUFFIX0)l,z(SUFFIX0)l);
                                               ENDFOR
<for(l)> ...abel(str$(SUFFIX0),z$(SUFFIX0));endfor
                                                   ENDFOR
penlabels->...UFFIX2)(str$ $$,z$ $$);endfor.endfor
                                                  .endgroup
l.30 this_letter; penlabels(1,2,3,4,5,6,7,8,9,10)
                                                 ; endchar;
I need a `known' x value for this part of the path.
The value I found (see above) was no good;
so I'll try to keep going by using zero instead.
(Chapter 27 of The METAFONTbook explains that
you might want to type `I ???' now.)

>> y2l
! Undefined y coordinate has been replaced by 0.
<to be read again> 
                   withpen
draw->...:also(EXPR0)else:doublepath(EXPR0)withpen
                                                  .currentpen.fi._op_
<to be read again> 
                   withpen
dotlabel->...m.linecap:=rounded;draw(EXPR4)withpen
                                                  .pencircle.scaled.dotlabel...
<to be read again> 
                   ;
<for(2)> makelabel(str(SUFFIX0)l,z(SUFFIX0)l);
                                               ENDFOR
<for(l)> ...abel(str$(SUFFIX0),z$(SUFFIX0));endfor
                                                   ENDFOR
penlabels->...UFFIX2)(str$ $$,z$ $$);endfor.endfor
                                                  .endgroup
l.30 this_letter; penlabels(1,2,3,4,5,6,7,8,9,10)
                                                 ; endchar;
I need a `known' y value for this part of the path.
The value I found (see above) was no good;
so I'll try to keep going by using zero instead.
(Chapter 27 of The METAFONTbook explains that
you might want to type `I ???' now.)

>> (x3l-3.87437,y3l-3.45926,1,0,0,1)
! Transform components aren't all known.
<to be read again> 
                   endgroup
dotlabel->...group.label(SUFFIX2)((EXPR3),(EXPR4))
                                                  (TEXT5);interim.linecap:=r...
<to be read again> 
                   ;
<for(3)> makelabel(str(SUFFIX0)l,z(SUFFIX0)l);
                                               ENDFOR
<for(l)> ...abel(str$(SUFFIX0),z$(SUFFIX0));endfor
                                                   ENDFOR
penlabels->...UFFIX2)(str$ $$,z$ $$);endfor.endfor
                                                  .endgroup
l.30 this_letter; penlabels(1,2,3,4,5,6,7,8,9,10)
                                                 ; endchar;
I'm unable to apply a partially specified transformation
except to a fully known pair or transform.
Proceed, and I'll omit the transformation.

>> x3l
! Undefined x coordinate has been replaced by 0.
<to be read again> 
                   withpen
draw->...:also(EXPR0)else:doublepath(EXPR0)withpen
                                                  .currentpen.fi._op_
<to be read again> 
                   withpen
dotlabel->...m.linecap:=rounded;draw(EXPR4)withpen
                                                  .pencircle.scaled.dotlabel...
<to be read again> 
                   ;
<for(3)> makelabel(str(SUFFIX0)l,z(SUFFIX0)l);
                                               ENDFOR
<for(l)> ...abel(str$(SUFFIX0),z$(SUFFIX0));endfor
                                                   ENDFOR
penlabels->...UFFIX2)(str$ $$,z$ $$);endfor.endfor
                                                  .endgroup
l.30 this_letter; penlabels(1,2,3,4,5,6,7,8,9,10)
                                                 ; endchar;
I need a `known' x value for this part of the path.
The value I found (see above) was no good;
so I'll try to keep going by using zero instead.
(Chapter 27 of The METAFONTbook explains that
you might want to type `I ???' now.)

>> y3l
! Undefined y coordinate has been replaced by 0.
<to be read again> 
                   withpen
draw->...:also(EXPR0)else:doublepath(EXPR0)withpen
                                                  .currentpen.fi._op_
<to be read again> 
                   withpen
dotlabel->...m.linecap:=rounded;draw(EXPR4)withpen
                                                  .pencircle.scaled.dotlabel...
<to be read again> 
                   ;
<for(3)> makelabel(str(SUFFIX0)l,z(SUFFIX0)l);
                                               ENDFOR
<for(l)> ...abel(str$(SUFFIX0),z$(SUFFIX0));endfor
                                                   ENDFOR
penlabels->...UFFIX2)(str$ $$,z$ $$);endfor.endfor
                                                  .endgroup
l.30 this_letter; penlabels(1,2,3,4,5,6,7,8,9,10)
                                                 ; endchar;
I need a `known' y value for this part of the path.
The value I found (see above) was no good;
so I'll try to keep going by using zero instead.
(Chapter 27 of The METAFONTbook explains that
you might want to type `I ???' now.)

>> (x4l-3.87437,y4l-3.45926,1,0,0,1)
! Transform components aren't all known.
<to be read again> 
                   endgroup
dotlabel->...group.label(SUFFIX2)((EXPR3),(EXPR4))
                                                  (TEXT5);interim.linecap:=r...
<to be read again> 
                   ;
<for(4)> makelabel(str(SUFFIX0)l,z(SUFFIX0)l);
                                               ENDFOR
<for(l)> ...abel(str$(SUFFIX0),z$(SUFFIX0));endfor
                                                   ENDFOR
penlabels->...UFFIX2)(str$ $$,z$ $$);endfor.endfor
                                                  .endgroup
l.30 this_letter; penlabels(1,2,3,4,5,6,7,8,9,10)
                                                 ; endchar;
I'm unable to apply a partially specified transformation
except to a fully known pair or transform.
Proceed, and I'll omit the transformation.

>> x4l
! Undefined x coordinate has been replaced by 0.
<to be read again> 
                   withpen
draw->...:also(EXPR0)else:doublepath(EXPR0)withpen
                                                  .currentpen.fi._op_
<to be read again> 
                   withpen
dotlabel->...m.linecap:=rounded;draw(EXPR4)withpen
                                                  .pencircle.scaled.dotlabel...
<to be read again> 
                   ;
<for(4)> makelabel(str(SUFFIX0)l,z(SUFFIX0)l);
                                               ENDFOR
<for(l)> ...abel(str$(SUFFIX0),z$(SUFFIX0));endfor
                                                   ENDFOR
penlabels->...UFFIX2)(str$ $$,z$ $$);endfor.endfor
                                                  .endgroup
l.30 this_letter; penlabels(1,2,3,4,5,6,7,8,9,10)
                                                 ; endchar;
I need a `known' x value for this part of the path.
The value I found (see above) was no good;
so I'll try to keep going by using zero instead.
(Chapter 27 of The METAFONTbook explains that
you might want to type `I ???' now.)

>> y4l
! Undefined y coordinate has been replaced by 0.
<to be read again> 
                   withpen
draw->...:also(EXPR0)else:doublepath(EXPR0)withpen
                                                  .currentpen.fi._op_
<to be read again> 
                   withpen
dotlabel->...m.linecap:=rounded;draw(EXPR4)withpen
                                                  .pencircle.scaled.dotlabel...
<to be read again> 
                   ;
<for(4)> makelabel(str(SUFFIX0)l,z(SUFFIX0)l);
                                               ENDFOR
<for(l)> ...abel(str$(SUFFIX0),z$(SUFFIX0));endfor
                                                   ENDFOR
penlabels->...UFFIX2)(str$ $$,z$ $$);endfor.endfor
                                                  .endgroup
l.30 this_letter; penlabels(1,2,3,4,5,6,7,8,9,10)
                                                 ; endchar;
I need a `known' y value for this part of the path.
The value I found (see above) was no good;
so I'll try to keep going by using zero instead.
(Chapter 27 of The METAFONTbook explains that
you might want to type `I ???' now.)

>> (x5l-3.87437,y5l-3.45926,1,0,0,1)
! Transform components aren't all known.
<to be read again> 
                   endgroup
dotlabel->...group.label(SUFFIX2)((EXPR3),(EXPR4))
                                                  (TEXT5);interim.linecap:=r...
<to be read again> 
                   ;
<for(5)> makelabel(str(SUFFIX0)l,z(SUFFIX0)l);
                                               ENDFOR
<for(l)> ...abel(str$(SUFFIX0),z$(SUFFIX0));endfor
                                                   ENDFOR
penlabels->...UFFIX2)(str$ $$,z$ $$);endfor.endfor
                                                  .endgroup
l.30 this_letter; penlabels(1,2,3,4,5,6,7,8,9,10)
                                                 ; endchar;
I'm unable to apply a partially specified transformation
except to a fully known pair or transform.
Proceed, and I'll omit the transformation.

>> x5l
! Undefined x coordinate has been replaced by 0.
<to be read again> 
                   withpen
draw->...:also(EXPR0)else:doublepath(EXPR0)withpen
                                                  .currentpen.fi._op_
<to be read again> 
                   withpen
dotlabel->...m.linecap:=rounded;draw(EXPR4)withpen
                                                  .pencircle.scaled.dotlabel...
<to be read again> 
                   ;
<for(5)> makelabel(str(SUFFIX0)l,z(SUFFIX0)l);
                                               ENDFOR
<for(l)> ...abel(str$(SUFFIX0),z$(SUFFIX0));endfor
                                                   ENDFOR
penlabels->...UFFIX2)(str$ $$,z$ $$);endfor.endfor
                                                  .endgroup
l.30 this_letter; penlabels(1,2,3,4,5,6,7,8,9,10)
                                                 ; endchar;
I need a `known' x value for this part of the path.
The value I found (see above) was no good;
so I'll try to keep going by using zero instead.
(Chapter 27 of The METAFONTbook explains that
you might want to type `I ???' now.)

>> y5l
! Undefined y coordinate has been replaced by 0.
<to be read again> 
                   withpen
draw->...:also(EXPR0)else:doublepath(EXPR0)withpen
                                                  .currentpen.fi._op_
<to be read again> 
                   withpen
dotlabel->...m.linecap:=rounded;draw(EXPR4)withpen
                                                  .pencircle.scaled.dotlabel...
<to be read again> 
                   ;
<for(5)> makelabel(str(SUFFIX0)l,z(SUFFIX0)l);
                                               ENDFOR
<for(l)> ...abel(str$(SUFFIX0),z$(SUFFIX0));endfor
                                                   ENDFOR
penlabels->...UFFIX2)(str$ $$,z$ $$);endfor.endfor
                                                  .endgroup
l.30 this_letter; penlabels(1,2,3,4,5,6,7,8,9,10)
                                                 ; endchar;
I need a `known' y value for this part of the path.
The value I found (see above) was no good;
so I'll try to keep going by using zero instead.
(Chapter 27 of The METAFONTbook explains that
you might want to type `I ???' now.)

>> (x6l-3.87437,y6l-3.45926,1,0,0,1)
! Transform components aren't all known.
<to be read again> 
                   endgroup
dotlabel->...group.label(SUFFIX2)((EXPR3),(EXPR4))
                                                  (TEXT5);interim.linecap:=r...
<to be read again> 
                   ;
<for(6)> makelabel(str(SUFFIX0)l,z(SUFFIX0)l);
                                               ENDFOR
<for(l)> ...abel(str$(SUFFIX0),z$(SUFFIX0));endfor
                                                   ENDFOR
penlabels->...UFFIX2)(str$ $$,z$ $$);endfor.endfor
                                                  .endgroup
l.30 this_letter; penlabels(1,2,3,4,5,6,7,8,9,10)
                                                 ; endchar;
I'm unable to apply a partially specified transformation
except to a fully known pair or transform.
Proceed, and I'll omit the transformation.

>> x6l
! Undefined x coordinate has been replaced by 0.
<to be read again> 
                   withpen
draw->...:also(EXPR0)else:doublepath(EXPR0)withpen
                                                  .currentpen.fi._op_
<to be read again> 
                   withpen
dotlabel->...m.linecap:=rounded;draw(EXPR4)withpen
                                                  .pencircle.scaled.dotlabel...
<to be read again> 
                   ;
<for(6)> makelabel(str(SUFFIX0)l,z(SUFFIX0)l);
                                               ENDFOR
<for(l)> ...abel(str$(SUFFIX0),z$(SUFFIX0));endfor
                                                   ENDFOR
penlabels->...UFFIX2)(str$ $$,z$ $$);endfor.endfor
                                                  .endgroup
l.30 this_letter; penlabels(1,2,3,4,5,6,7,8,9,10)
                                                 ; endchar;
I need a `known' x value for this part of the path.
The value I found (see above) was no good;
so I'll try to keep going by using zero instead.
(Chapter 27 of The METAFONTbook explains that
you might want to type `I ???' now.)

>> y6l
! Undefined y coordinate has been replaced by 0.
<to be read again> 
                   withpen
draw->...:also(EXPR0)else:doublepath(EXPR0)withpen
                                                  .currentpen.fi._op_
<to be read again> 
                   withpen
dotlabel->...m.linecap:=rounded;draw(EXPR4)withpen
                                                  .pencircle.scaled.dotlabel...
<to be read again> 
                   ;
<for(6)> makelabel(str(SUFFIX0)l,z(SUFFIX0)l);
                                               ENDFOR
<for(l)> ...abel(str$(SUFFIX0),z$(SUFFIX0));endfor
                                                   ENDFOR
penlabels->...UFFIX2)(str$ $$,z$ $$);endfor.endfor
                                                  .endgroup
l.30 this_letter; penlabels(1,2,3,4,5,6,7,8,9,10)
                                                 ; endchar;
I need a `known' y value for this part of the path.
The value I found (see above) was no good;
so I'll try to keep going by using zero instead.
(Chapter 27 of The METAFONTbook explains that
you might want to type `I ???' now.)

>> (x7l-3.87437,y7l-3.45926,1,0,0,1)
! Transform components aren't all known.
<to be read again> 
                   endgroup
dotlabel->...group.label(SUFFIX2)((EXPR3),(EXPR4))
                                                  (TEXT5);interim.linecap:=r...
<to be read again> 
                   ;
<for(7)> makelabel(str(SUFFIX0)l,z(SUFFIX0)l);
                                               ENDFOR
<for(l)> ...abel(str$(SUFFIX0),z$(SUFFIX0));endfor
                                                   ENDFOR
penlabels->...UFFIX2)(str$ $$,z$ $$);endfor.endfor
                                                  .endgroup
l.30 this_letter; penlabels(1,2,3,4,5,6,7,8,9,10)
                                                 ; endchar;
I'm unable to apply a partially specified transformation
except to a fully known pair or transform.
Proceed, and I'll omit the transformation.

>> x7l
! Undefined x coordinate has been replaced by 0.
<to be read again> 
                   withpen
draw->...:also(EXPR0)else:doublepath(EXPR0)withpen
                                                  .currentpen.fi._op_
<to be read again> 
                   withpen
dotlabel->...m.linecap:=rounded;draw(EXPR4)withpen
                                                  .pencircle.scaled.dotlabel...
<to be read again> 
                   ;
<for(7)> makelabel(str(SUFFIX0)l,z(SUFFIX0)l);
                                               ENDFOR
<for(l)> ...abel(str$(SUFFIX0),z$(SUFFIX0));endfor
                                                   ENDFOR
penlabels->...UFFIX2)(str$ $$,z$ $$);endfor.endfor
                                                  .endgroup
l.30 this_letter; penlabels(1,2,3,4,5,6,7,8,9,10)
                                                 ; endchar;
I need a `known' x value for this part of the path.
The value I found (see above) was no good;
so I'll try to keep going by using zero instead.
(Chapter 27 of The METAFONTbook explains that
you might want to type `I ???' now.)

>> y7l
! Undefined y coordinate has been replaced by 0.
<to be read again> 
                   withpen
draw->...:also(EXPR0)else:doublepath(EXPR0)withpen
                                                  .currentpen.fi._op_
<to be read again> 
                   withpen
dotlabel->...m.linecap:=rounded;draw(EXPR4)withpen
                                                  .pencircle.scaled.dotlabel...
<to be read again> 
                   ;
<for(7)> makelabel(str(SUFFIX0)l,z(SUFFIX0)l);
                                               ENDFOR
<for(l)> ...abel(str$(SUFFIX0),z$(SUFFIX0));endfor
                                                   ENDFOR
penlabels->...UFFIX2)(str$ $$,z$ $$);endfor.endfor
                                                  .endgroup
l.30 this_letter; penlabels(1,2,3,4,5,6,7,8,9,10)
                                                 ; endchar;
I need a `known' y value for this part of the path.
The value I found (see above) was no good;
so I'll try to keep going by using zero instead.
(Chapter 27 of The METAFONTbook explains that
you might want to type `I ???' now.)

>> (x8l-3.87437,y8l-3.45926,1,0,0,1)
! Transform components aren't all known.
<to be read again> 
                   endgroup
dotlabel->...group.label(SUFFIX2)((EXPR3),(EXPR4))
                                                  (TEXT5);interim.linecap:=r...
<to be read again> 
                   ;
<for(8)> makelabel(str(SUFFIX0)l,z(SUFFIX0)l);
                                               ENDFOR
<for(l)> ...abel(str$(SUFFIX0),z$(SUFFIX0));endfor
                                                   ENDFOR
penlabels->...UFFIX2)(str$ $$,z$ $$);endfor.endfor
                                                  .endgroup
l.30 this_letter; penlabels(1,2,3,4,5,6,7,8,9,10)
                                                 ; endchar;
I'm unable to apply a partially specified transformation
except to a fully known pair or transform.
Proceed, and I'll omit the transformation.

>> x8l
! Undefined x coordinate has been replaced by 0.
<to be read again> 
                   withpen
draw->...:also(EXPR0)else:doublepath(EXPR0)withpen
                                                  .currentpen.fi._op_
<to be read again> 
                   withpen
dotlabel->...m.linecap:=rounded;draw(EXPR4)withpen
                                                  .pencircle.scaled.dotlabel...
<to be read again> 
                   ;
<for(8)> makelabel(str(SUFFIX0)l,z(SUFFIX0)l);
                                               ENDFOR
<for(l)> ...abel(str$(SUFFIX0),z$(SUFFIX0));endfor
                                                   ENDFOR
penlabels->...UFFIX2)(str$ $$,z$ $$);endfor.endfor
                                                  .endgroup
l.30 this_letter; penlabels(1,2,3,4,5,6,7,8,9,10)
                                                 ; endchar;
I need a `known' x value for this part of the path.
The value I found (see above) was no good;
so I'll try to keep going by using zero instead.
(Chapter 27 of The METAFONTbook explains that
you might want to type `I ???' now.)

>> y8l
! Undefined y coordinate has been replaced by 0.
<to be read again> 
                   withpen
draw->...:also(EXPR0)else:doublepath(EXPR0)withpen
                                                  .currentpen.fi._op_
<to be read again> 
                   withpen
dotlabel->...m.linecap:=rounded;draw(EXPR4)withpen
                                                  .pencircle.scaled.dotlabel...
<to be read again> 
                   ;
<for(8)> makelabel(str(SUFFIX0)l,z(SUFFIX0)l);
                                               ENDFOR
<for(l)> ...abel(str$(SUFFIX0),z$(SUFFIX0));endfor
                                                   ENDFOR
penlabels->...UFFIX2)(str$ $$,z$ $$);endfor.endfor
                                                  .endgroup
l.30 this_letter; penlabels(1,2,3,4,5,6,7,8,9,10)
                                                 ; endchar;
I need a `known' y value for this part of the path.
The value I found (see above) was no good;
so I'll try to keep going by using zero instead.
(Chapter 27 of The METAFONTbook explains that
you might want to type `I ???' now.)

>> (x9l-3.87437,y9l-3.45926,1,0,0,1)
! Transform components aren't all known.
<to be read again> 
                   endgroup
dotlabel->...group.label(SUFFIX2)((EXPR3),(EXPR4))
                                                  (TEXT5);interim.linecap:=r...
<to be read again> 
                   ;
<for(9)> makelabel(str(SUFFIX0)l,z(SUFFIX0)l);
                                               ENDFOR
<for(l)> ...abel(str$(SUFFIX0),z$(SUFFIX0));endfor
                                                   ENDFOR
penlabels->...UFFIX2)(str$ $$,z$ $$);endfor.endfor
                                                  .endgroup
l.30 this_letter; penlabels(1,2,3,4,5,6,7,8,9,10)
                                                 ; endchar;
I'm unable to apply a partially specified transformation
except to a fully known pair or transform.
Proceed, and I'll omit the transformation.

>> x9l
! Undefined x coordinate has been replaced by 0.
<to be read again> 
                   withpen
draw->...:also(EXPR0)else:doublepath(EXPR0)withpen
                                                  .currentpen.fi._op_
<to be read again> 
                   withpen
dotlabel->...m.linecap:=rounded;draw(EXPR4)withpen
                                                  .pencircle.scaled.dotlabel...
<to be read again> 
                   ;
<for(9)> makelabel(str(SUFFIX0)l,z(SUFFIX0)l);
                                               ENDFOR
<for(l)> ...abel(str$(SUFFIX0),z$(SUFFIX0));endfor
                                                   ENDFOR
penlabels->...UFFIX2)(str$ $$,z$ $$);endfor.endfor
                                                  .endgroup
l.30 this_letter; penlabels(1,2,3,4,5,6,7,8,9,10)
                                                 ; endchar;
I need a `known' x value for this part of the path.
The value I found (see above) was no good;
so I'll try to keep going by using zero instead.
(Chapter 27 of The METAFONTbook explains that
you might want to type `I ???' now.)

>> y9l
! Undefined y coordinate has been replaced by 0.
<to be read again> 
                   withpen
draw->...:also(EXPR0)else:doublepath(EXPR0)withpen
                                                  .currentpen.fi._op_
<to be read again> 
                   withpen
dotlabel->...m.linecap:=rounded;draw(EXPR4)withpen
                                                  .pencircle.scaled.dotlabel...
<to be read again> 
                   ;
<for(9)> makelabel(str(SUFFIX0)l,z(SUFFIX0)l);
                                               ENDFOR
<for(l)> ...abel(str$(SUFFIX0),z$(SUFFIX0));endfor
                                                   ENDFOR
penlabels->...UFFIX2)(str$ $$,z$ $$);endfor.endfor
                                                  .endgroup
l.30 this_letter; penlabels(1,2,3,4,5,6,7,8,9,10)
                                                 ; endchar;
I need a `known' y value for this part of the path.
The value I found (see above) was no good;
so I'll try to keep going by using zero instead.
(Chapter 27 of The METAFONTbook explains that
you might want to type `I ???' now.)

>> (x10l-6.36505,y10l-3.45926,1,0,0,1)
! Transform components aren't all known.
<to be read again> 
                   endgroup
dotlabel->...group.label(SUFFIX2)((EXPR3),(EXPR4))
                                                  (TEXT5);interim.linecap:=r...
<to be read again> 
                   ;
<for(10)> makelabel(str(SUFFIX0)l,z(SUFFIX0)l);
                                                ENDFOR
<for(l)> ...abel(str$(SUFFIX0),z$(SUFFIX0));endfor
                                                   ENDFOR
penlabels->...UFFIX2)(str$ $$,z$ $$);endfor.endfor
                                                  .endgroup
l.30 this_letter; penlabels(1,2,3,4,5,6,7,8,9,10)
                                                 ; endchar;
I'm unable to apply a partially specified transformation
except to a fully known pair or transform.
Proceed, and I'll omit the transformation.

>> x10l
! Undefined x coordinate has been replaced by 0.
<to be read again> 
                   withpen
draw->...:also(EXPR0)else:doublepath(EXPR0)withpen
                                                  .currentpen.fi._op_
<to be read again> 
                   withpen
dotlabel->...m.linecap:=rounded;draw(EXPR4)withpen
                                                  .pencircle.scaled.dotlabel...
<to be read again> 
                   ;
<for(10)> makelabel(str(SUFFIX0)l,z(SUFFIX0)l);
                                                ENDFOR
<for(l)> ...abel(str$(SUFFIX0),z$(SUFFIX0));endfor
                                                   ENDFOR
penlabels->...UFFIX2)(str$ $$,z$ $$);endfor.endfor
                                                  .endgroup
l.30 this_letter; penlabels(1,2,3,4,5,6,7,8,9,10)
                                                 ; endchar;
I need a `known' x value for this part of the path.
The value I found (see above) was no good;
so I'll try to keep going by using zero instead.
(Chapter 27 of The METAFONTbook explains that
you might want to type `I ???' now.)

>> y10l
! Undefined y coordinate has been replaced by 0.
<to be read again> 
                   withpen
draw->...:also(EXPR0)else:doublepath(EXPR0)withpen
                                                  .currentpen.fi._op_
<to be read again> 
                   withpen
dotlabel->...m.linecap:=rounded;draw(EXPR4)withpen
                                                  .pencircle.scaled.dotlabel...
<to be read again> 
                   ;
<for(10)> makelabel(str(SUFFIX0)l,z(SUFFIX0)l);
                                                ENDFOR
<for(l)> ...abel(str$(SUFFIX0),z$(SUFFIX0));endfor
                                                   ENDFOR
penlabels->...UFFIX2)(str$ $$,z$ $$);endfor.endfor
                                                  .endgroup
l.30 this_letter; penlabels(1,2,3,4,5,6,7,8,9,10)
                                                 ; endchar;
I need a `known' y value for this part of the path.
The value I found (see above) was no good;
so I'll try to keep going by using zero instead.
(Chapter 27 of The METAFONTbook explains that
you might want to type `I ???' now.)

>> (x1-2.49068,y1-3.21019,1,0,0,1)
! Transform components aren't all known.
<to be read again> 
                   endgroup
dotlabel->...group.label(SUFFIX2)((EXPR3),(EXPR4))
                                                  (TEXT5);interim.linecap:=r...
<to be read again> 
                   ;
<for(1)> makelabel(str(SUFFIX0),z(SUFFIX0));
                                             ENDFOR
<for()> ...label(str$(SUFFIX0),z$(SUFFIX0));endfor
                                                   ENDFOR
penlabels->...UFFIX2)(str$ $$,z$ $$);endfor.endfor
                                                  .endgroup
l.30 this_letter; penlabels(1,2,3,4,5,6,7,8,9,10)
                                                 ; endchar;
I'm unable to apply a partially specified transformation
except to a fully known pair or transform.
Proceed, and I'll omit the transformation.

>> x1
! Undefined x coordinate has been replaced by 0.
<to be read again> 
                   withpen
draw->...:also(EXPR0)else:doublepath(EXPR0)withpen
                                                  .currentpen.fi._op_
<to be read again> 
                   withpen
dotlabel->...m.linecap:=rounded;draw(EXPR4)withpen
                                                  .pencircle.scaled.dotlabel...
<to be read again> 
                   ;
<for(1)> makelabel(str(SUFFIX0),z(SUFFIX0));
                                             ENDFOR
<for()> ...label(str$(SUFFIX0),z$(SUFFIX0));endfor
                                                   ENDFOR
penlabels->...UFFIX2)(str$ $$,z$ $$);endfor.endfor
                                                  .endgroup
l.30 this_letter; penlabels(1,2,3,4,5,6,7,8,9,10)
                                                 ; endchar;
I need a `known' x value for this part of the path.
The value I found (see above) was no good;
so I'll try to keep going by using zero instead.
(Chapter 27 of The METAFONTbook explains that
you might want to type `I ???' now.)

>> y1
! Undefined y coordinate has been replaced by 0.
<to be read again> 
                   withpen
draw->...:also(EXPR0)else:doublepath(EXPR0)withpen
                                                  .currentpen.fi._op_
<to be read again> 
                   withpen
dotlabel->...m.linecap:=rounded;draw(EXPR4)withpen
                                                  .pencircle.scaled.dotlabel...
<to be read again> 
                   ;
<for(1)> makelabel(str(SUFFIX0),z(SUFFIX0));
                                             ENDFOR
<for()> ...label(str$(SUFFIX0),z$(SUFFIX0));endfor
                                                   ENDFOR
penlabels->...UFFIX2)(str$ $$,z$ $$);endfor.endfor
                                                  .endgroup
l.30 this_letter; penlabels(1,2,3,4,5,6,7,8,9,10)
                                                 ; endchar;
I need a `known' y value for this part of the path.
The value I found (see above) was no good;
so I'll try to keep going by using zero instead.
(Chapter 27 of The METAFONTbook explains that
you might want to type `I ???' now.)

>> (x2-2.49068,y2-3.21019,1,0,0,1)
! Transform components aren't all known.
<to be read again> 
                   endgroup
dotlabel->...group.label(SUFFIX2)((EXPR3),(EXPR4))
                                                  (TEXT5);interim.linecap:=r...
<to be read again> 
                   ;
<for(2)> makelabel(str(SUFFIX0),z(SUFFIX0));
                                             ENDFOR
<for()> ...label(str$(SUFFIX0),z$(SUFFIX0));endfor
                                                   ENDFOR
penlabels->...UFFIX2)(str$ $$,z$ $$);endfor.endfor
                                                  .endgroup
l.30 this_letter; penlabels(1,2,3,4,5,6,7,8,9,10)
                                                 ; endchar;
I'm unable to apply a partially specified transformation
except to a fully known pair or transform.
Proceed, and I'll omit the transformation.

>> x2
! Undefined x coordinate has been replaced by 0.
<to be read again> 
                   withpen
draw->...:also(EXPR0)else:doublepath(EXPR0)withpen
                                                  .currentpen.fi._op_
<to be read again> 
                   withpen
dotlabel->...m.linecap:=rounded;draw(EXPR4)withpen
                                                  .pencircle.scaled.dotlabel...
<to be read again> 
                   ;
<for(2)> makelabel(str(SUFFIX0),z(SUFFIX0));
                                             ENDFOR
<for()> ...label(str$(SUFFIX0),z$(SUFFIX0));endfor
                                                   ENDFOR
penlabels->...UFFIX2)(str$ $$,z$ $$);endfor.endfor
                                                  .endgroup
l.30 this_letter; penlabels(1,2,3,4,5,6,7,8,9,10)
                                                 ; endchar;
I need a `known' x value for this part of the path.
The value I found (see above) was no good;
so I'll try to keep going by using zero instead.
(Chapter 27 of The METAFONTbook explains that
you might want to type `I ???' now.)

>> y2
! Undefined y coordinate has been replaced by 0.
<to be read again> 
                   withpen
draw->...:also(EXPR0)else:doublepath(EXPR0)withpen
                                                  .currentpen.fi._op_
<to be read again> 
                   withpen
dotlabel->...m.linecap:=rounded;draw(EXPR4)withpen
                                                  .pencircle.scaled.dotlabel...
<to be read again> 
                   ;
<for(2)> makelabel(str(SUFFIX0),z(SUFFIX0));
                                             ENDFOR
<for()> ...label(str$(SUFFIX0),z$(SUFFIX0));endfor
                                                   ENDFOR
penlabels->...UFFIX2)(str$ $$,z$ $$);endfor.endfor
                                                  .endgroup
l.30 this_letter; penlabels(1,2,3,4,5,6,7,8,9,10)
                                                 ; endchar;
I need a `known' y value for this part of the path.
The value I found (see above) was no good;
so I'll try to keep going by using zero instead.
(Chapter 27 of The METAFONTbook explains that
you might want to type `I ???' now.)

>> (x3-2.49068,y3-3.21019,1,0,0,1)
! Transform components aren't all known.
<to be read again> 
                   endgroup
dotlabel->...group.label(SUFFIX2)((EXPR3),(EXPR4))
                                                  (TEXT5);interim.linecap:=r...
<to be read again> 
                   ;
<for(3)> makelabel(str(SUFFIX0),z(SUFFIX0));
                                             ENDFOR
<for()> ...label(str$(SUFFIX0),z$(SUFFIX0));endfor
                                                   ENDFOR
penlabels->...UFFIX2)(str$ $$,z$ $$);endfor.endfor
                                                  .endgroup
l.30 this_letter; penlabels(1,2,3,4,5,6,7,8,9,10)
                                                 ; endchar;
I'm unable to apply a partially specified transformation
except to a fully known pair or transform.
Proceed, and I'll omit the transformation.

>> x3
! Undefined x coordinate has been replaced by 0.
<to be read again> 
                   withpen
draw->...:also(EXPR0)else:doublepath(EXPR0)withpen
                                                  .currentpen.fi._op_
<to be read again> 
                   withpen
dotlabel->...m.linecap:=rounded;draw(EXPR4)withpen
                                                  .pencircle.scaled.dotlabel...
<to be read again> 
                   ;
<for(3)> makelabel(str(SUFFIX0),z(SUFFIX0));
                                             ENDFOR
<for()> ...label(str$(SUFFIX0),z$(SUFFIX0));endfor
                                                   ENDFOR
penlabels->...UFFIX2)(str$ $$,z$ $$);endfor.endfor
                                                  .endgroup
l.30 this_letter; penlabels(1,2,3,4,5,6,7,8,9,10)
                                                 ; endchar;
I need a `known' x value for this part of the path.
The value I found (see above) was no good;
so I'll try to keep going by using zero instead.
(Chapter 27 of The METAFONTbook explains that
you might want to type `I ???' now.)

>> y3
! Undefined y coordinate has been replaced by 0.
<to be read again> 
                   withpen
draw->...:also(EXPR0)else:doublepath(EXPR0)withpen
                                                  .currentpen.fi._op_
<to be read again> 
                   withpen
dotlabel->...m.linecap:=rounded;draw(EXPR4)withpen
                                                  .pencircle.scaled.dotlabel...
<to be read again> 
                   ;
<for(3)> makelabel(str(SUFFIX0),z(SUFFIX0));
                                             ENDFOR
<for()> ...label(str$(SUFFIX0),z$(SUFFIX0));endfor
                                                   ENDFOR
penlabels->...UFFIX2)(str$ $$,z$ $$);endfor.endfor
                                                  .endgroup
l.30 this_letter; penlabels(1,2,3,4,5,6,7,8,9,10)
                                                 ; endchar;
I need a `known' y value for this part of the path.
The value I found (see above) was no good;
so I'll try to keep going by using zero instead.
(Chapter 27 of The METAFONTbook explains that
you might want to type `I ???' now.)

>> (x4-2.49068,y4-3.21019,1,0,0,1)
! Transform components aren't all known.
<to be read again> 
                   endgroup
dotlabel->...group.label(SUFFIX2)((EXPR3),(EXPR4))
                                                  (TEXT5);interim.linecap:=r...
<to be read again> 
                   ;
<for(4)> makelabel(str(SUFFIX0),z(SUFFIX0));
                                             ENDFOR
<for()> ...label(str$(SUFFIX0),z$(SUFFIX0));endfor
                                                   ENDFOR
penlabels->...UFFIX2)(str$ $$,z$ $$);endfor.endfor
                                                  .endgroup
l.30 this_letter; penlabels(1,2,3,4,5,6,7,8,9,10)
                                                 ; endchar;
I'm unable to apply a partially specified transformation
except to a fully known pair or transform.
Proceed, and I'll omit the transformation.

>> x4
! Undefined x coordinate has been replaced by 0.
<to be read again> 
                   withpen
draw->...:also(EXPR0)else:doublepath(EXPR0)withpen
                                                  .currentpen.fi._op_
<to be read again> 
                   withpen
dotlabel->...m.linecap:=rounded;draw(EXPR4)withpen
                                                  .pencircle.scaled.dotlabel...
<to be read again> 
                   ;
<for(4)> makelabel(str(SUFFIX0),z(SUFFIX0));
                                             ENDFOR
<for()> ...label(str$(SUFFIX0),z$(SUFFIX0));endfor
                                                   ENDFOR
penlabels->...UFFIX2)(str$ $$,z$ $$);endfor.endfor
                                                  .endgroup
l.30 this_letter; penlabels(1,2,3,4,5,6,7,8,9,10)
                                                 ; endchar;
I need a `known' x value for this part of the path.
The value I found (see above) was no good;
so I'll try to keep going by using zero instead.
(Chapter 27 of The METAFONTbook explains that
you might want to type `I ???' now.)

>> y4
! Undefined y coordinate has been replaced by 0.
<to be read again> 
                   withpen
draw->...:also(EXPR0)else:doublepath(EXPR0)withpen
                                                  .currentpen.fi._op_
<to be read again> 
                   withpen
dotlabel->...m.linecap:=rounded;draw(EXPR4)withpen
                                                  .pencircle.scaled.dotlabel...
<to be read again> 
                   ;
<for(4)> makelabel(str(SUFFIX0),z(SUFFIX0));
                                             ENDFOR
<for()> ...label(str$(SUFFIX0),z$(SUFFIX0));endfor
                                                   ENDFOR
penlabels->...UFFIX2)(str$ $$,z$ $$);endfor.endfor
                                                  .endgroup
l.30 this_letter; penlabels(1,2,3,4,5,6,7,8,9,10)
                                                 ; endchar;
I need a `known' y value for this part of the path.
The value I found (see above) was no good;
so I'll try to keep going by using zero instead.
(Chapter 27 of The METAFONTbook explains that
you might want to type `I ???' now.)

>> (x5-2.49068,y5-3.21019,1,0,0,1)
! Transform components aren't all known.
<to be read again> 
                   endgroup
dotlabel->...group.label(SUFFIX2)((EXPR3),(EXPR4))
                                                  (TEXT5);interim.linecap:=r...
<to be read again> 
                   ;
<for(5)> makelabel(str(SUFFIX0),z(SUFFIX0));
                                             ENDFOR
<for()> ...label(str$(SUFFIX0),z$(SUFFIX0));endfor
                                                   ENDFOR
penlabels->...UFFIX2)(str$ $$,z$ $$);endfor.endfor
                                                  .endgroup
l.30 this_letter; penlabels(1,2,3,4,5,6,7,8,9,10)
                                                 ; endchar;
I'm unable to apply a partially specified transformation
except to a fully known pair or transform.
Proceed, and I'll omit the transformation.

>> x5
! Undefined x coordinate has been replaced by 0.
<to be read again> 
                   withpen
draw->...:also(EXPR0)else:doublepath(EXPR0)withpen
                                                  .currentpen.fi._op_
<to be read again> 
                   withpen
dotlabel->...m.linecap:=rounded;draw(EXPR4)withpen
                                                  .pencircle.scaled.dotlabel...
<to be read again> 
                   ;
<for(5)> makelabel(str(SUFFIX0),z(SUFFIX0));
                                             ENDFOR
<for()> ...label(str$(SUFFIX0),z$(SUFFIX0));endfor
                                                   ENDFOR
penlabels->...UFFIX2)(str$ $$,z$ $$);endfor.endfor
                                                  .endgroup
l.30 this_letter; penlabels(1,2,3,4,5,6,7,8,9,10)
                                                 ; endchar;
I need a `known' x value for this part of the path.
The value I found (see above) was no good;
so I'll try to keep going by using zero instead.
(Chapter 27 of The METAFONTbook explains that
you might want to type `I ???' now.)

>> y5
! Undefined y coordinate has been replaced by 0.
<to be read again> 
                   withpen
draw->...:also(EXPR0)else:doublepath(EXPR0)withpen
                                                  .currentpen.fi._op_
<to be read again> 
                   withpen
dotlabel->...m.linecap:=rounded;draw(EXPR4)withpen
                                                  .pencircle.scaled.dotlabel...
<to be read again> 
                   ;
<for(5)> makelabel(str(SUFFIX0),z(SUFFIX0));
                                             ENDFOR
<for()> ...label(str$(SUFFIX0),z$(SUFFIX0));endfor
                                                   ENDFOR
penlabels->...UFFIX2)(str$ $$,z$ $$);endfor.endfor
                                                  .endgroup
l.30 this_letter; penlabels(1,2,3,4,5,6,7,8,9,10)
                                                 ; endchar;
I need a `known' y value for this part of the path.
The value I found (see above) was no good;
so I'll try to keep going by using zero instead.
(Chapter 27 of The METAFONTbook explains that
you might want to type `I ???' now.)

>> (x6-2.49068,y6-3.21019,1,0,0,1)
! Transform components aren't all known.
<to be read again> 
                   endgroup
dotlabel->...group.label(SUFFIX2)((EXPR3),(EXPR4))
                                                  (TEXT5);interim.linecap:=r...
<to be read again> 
                   ;
<for(6)> makelabel(str(SUFFIX0),z(SUFFIX0));
                                             ENDFOR
<for()> ...label(str$(SUFFIX0),z$(SUFFIX0));endfor
                                                   ENDFOR
penlabels->...UFFIX2)(str$ $$,z$ $$);endfor.endfor
                                                  .endgroup
l.30 this_letter; penlabels(1,2,3,4,5,6,7,8,9,10)
                                                 ; endchar;
I'm unable to apply a partially specified transformation
except to a fully known pair or transform.
Proceed, and I'll omit the transformation.

>> x6
! Undefined x coordinate has been replaced by 0.
<to be read again> 
                   withpen
draw->...:also(EXPR0)else:doublepath(EXPR0)withpen
                                                  .currentpen.fi._op_
<to be read again> 
                   withpen
dotlabel->...m.linecap:=rounded;draw(EXPR4)withpen
                                                  .pencircle.scaled.dotlabel...
<to be read again> 
                   ;
<for(6)> makelabel(str(SUFFIX0),z(SUFFIX0));
                                             ENDFOR
<for()> ...label(str$(SUFFIX0),z$(SUFFIX0));endfor
                                                   ENDFOR
penlabels->...UFFIX2)(str$ $$,z$ $$);endfor.endfor
                                                  .endgroup
l.30 this_letter; penlabels(1,2,3,4,5,6,7,8,9,10)
                                                 ; endchar;
I need a `known' x value for this part of the path.
The value I found (see above) was no good;
so I'll try to keep going by using zero instead.
(Chapter 27 of The METAFONTbook explains that
you might want to type `I ???' now.)

>> y6
! Undefined y coordinate has been replaced by 0.
<to be read again> 
                   withpen
draw->...:also(EXPR0)else:doublepath(EXPR0)withpen
                                                  .currentpen.fi._op_
<to be read again> 
                   withpen
dotlabel->...m.linecap:=rounded;draw(EXPR4)withpen
                                                  .pencircle.scaled.dotlabel...
<to be read again> 
                   ;
<for(6)> makelabel(str(SUFFIX0),z(SUFFIX0));
                                             ENDFOR
<for()> ...label(str$(SUFFIX0),z$(SUFFIX0));endfor
                                                   ENDFOR
penlabels->...UFFIX2)(str$ $$,z$ $$);endfor.endfor
                                                  .endgroup
l.30 this_letter; penlabels(1,2,3,4,5,6,7,8,9,10)
                                                 ; endchar;
I need a `known' y value for this part of the path.
The value I found (see above) was no good;
so I'll try to keep going by using zero instead.
(Chapter 27 of The METAFONTbook explains that
you might want to type `I ???' now.)

>> (x7-2.49068,y7-3.21019,1,0,0,1)
! Transform components aren't all known.
<to be read again> 
                   endgroup
dotlabel->...group.label(SUFFIX2)((EXPR3),(EXPR4))
                                                  (TEXT5);interim.linecap:=r...
<to be read again> 
                   ;
<for(7)> makelabel(str(SUFFIX0),z(SUFFIX0));
                                             ENDFOR
<for()> ...label(str$(SUFFIX0),z$(SUFFIX0));endfor
                                                   ENDFOR
penlabels->...UFFIX2)(str$ $$,z$ $$);endfor.endfor
                                                  .endgroup
l.30 this_letter; penlabels(1,2,3,4,5,6,7,8,9,10)
                                                 ; endchar;
I'm unable to apply a partially specified transformation
except to a fully known pair or transform.
Proceed, and I'll omit the transformation.

>> x7
! Undefined x coordinate has been replaced by 0.
<to be read again> 
                   withpen
draw->...:also(EXPR0)else:doublepath(EXPR0)withpen
                                                  .currentpen.fi._op_
<to be read again> 
                   withpen
dotlabel->...m.linecap:=rounded;draw(EXPR4)withpen
                                                  .pencircle.scaled.dotlabel...
<to be read again> 
                   ;
<for(7)> makelabel(str(SUFFIX0),z(SUFFIX0));
                                             ENDFOR
<for()> ...label(str$(SUFFIX0),z$(SUFFIX0));endfor
                                                   ENDFOR
penlabels->...UFFIX2)(str$ $$,z$ $$);endfor.endfor
                                                  .endgroup
l.30 this_letter; penlabels(1,2,3,4,5,6,7,8,9,10)
                                                 ; endchar;
I need a `known' x value for this part of the path.
The value I found (see above) was no good;
so I'll try to keep going by using zero instead.
(Chapter 27 of The METAFONTbook explains that
you might want to type `I ???' now.)

>> y7
! Undefined y coordinate has been replaced by 0.
<to be read again> 
                   withpen
draw->...:also(EXPR0)else:doublepath(EXPR0)withpen
                                                  .currentpen.fi._op_
<to be read again> 
                   withpen
dotlabel->...m.linecap:=rounded;draw(EXPR4)withpen
                                                  .pencircle.scaled.dotlabel...
<to be read again> 
                   ;
<for(7)> makelabel(str(SUFFIX0),z(SUFFIX0));
                                             ENDFOR
<for()> ...label(str$(SUFFIX0),z$(SUFFIX0));endfor
                                                   ENDFOR
penlabels->...UFFIX2)(str$ $$,z$ $$);endfor.endfor
                                                  .endgroup
l.30 this_letter; penlabels(1,2,3,4,5,6,7,8,9,10)
                                                 ; endchar;
I need a `known' y value for this part of the path.
The value I found (see above) was no good;
so I'll try to keep going by using zero instead.
(Chapter 27 of The METAFONTbook explains that
you might want to type `I ???' now.)

>> (x8-2.49068,y8-3.21019,1,0,0,1)
! Transform components aren't all known.
<to be read again> 
                   endgroup
dotlabel->...group.label(SUFFIX2)((EXPR3),(EXPR4))
                                                  (TEXT5);interim.linecap:=r...
<to be read again> 
                   ;
<for(8)> makelabel(str(SUFFIX0),z(SUFFIX0));
                                             ENDFOR
<for()> ...label(str$(SUFFIX0),z$(SUFFIX0));endfor
                                                   ENDFOR
penlabels->...UFFIX2)(str$ $$,z$ $$);endfor.endfor
                                                  .endgroup
l.30 this_letter; penlabels(1,2,3,4,5,6,7,8,9,10)
                                                 ; endchar;
I'm unable to apply a partially specified transformation
except to a fully known pair or transform.
Proceed, and I'll omit the transformation.

>> x8
! Undefined x coordinate has been replaced by 0.
<to be read again> 
                   withpen
draw->...:also(EXPR0)else:doublepath(EXPR0)withpen
                                                  .currentpen.fi._op_
<to be read again> 
                   withpen
dotlabel->...m.linecap:=rounded;draw(EXPR4)withpen
                                                  .pencircle.scaled.dotlabel...
<to be read again> 
                   ;
<for(8)> makelabel(str(SUFFIX0),z(SUFFIX0));
                                             ENDFOR
<for()> ...label(str$(SUFFIX0),z$(SUFFIX0));endfor
                                                   ENDFOR
penlabels->...UFFIX2)(str$ $$,z$ $$);endfor.endfor
                                                  .endgroup
l.30 this_letter; penlabels(1,2,3,4,5,6,7,8,9,10)
                                                 ; endchar;
I need a `known' x value for this part of the path.
The value I found (see above) was no good;
so I'll try to keep going by using zero instead.
(Chapter 27 of The METAFONTbook explains that
you might want to type `I ???' now.)

>> y8
! Undefined y coordinate has been replaced by 0.
<to be read again> 
                   withpen
draw->...:also(EXPR0)else:doublepath(EXPR0)withpen
                                                  .currentpen.fi._op_
<to be read again> 
                   withpen
dotlabel->...m.linecap:=rounded;draw(EXPR4)withpen
                                                  .pencircle.scaled.dotlabel...
<to be read again> 
                   ;
<for(8)> makelabel(str(SUFFIX0),z(SUFFIX0));
                                             ENDFOR
<for()> ...label(str$(SUFFIX0),z$(SUFFIX0));endfor
                                                   ENDFOR
penlabels->...UFFIX2)(str$ $$,z$ $$);endfor.endfor
                                                  .endgroup
l.30 this_letter; penlabels(1,2,3,4,5,6,7,8,9,10)
                                                 ; endchar;
I need a `known' y value for this part of the path.
The value I found (see above) was no good;
so I'll try to keep going by using zero instead.
(Chapter 27 of The METAFONTbook explains that
you might want to type `I ???' now.)

>> (x9-2.49068,y9-3.21019,1,0,0,1)
! Transform components aren't all known.
<to be read again> 
                   endgroup
dotlabel->...group.label(SUFFIX2)((EXPR3),(EXPR4))
                                                  (TEXT5);interim.linecap:=r...
<to be read again> 
                   ;
<for(9)> makelabel(str(SUFFIX0),z(SUFFIX0));
                                             ENDFOR
<for()> ...label(str$(SUFFIX0),z$(SUFFIX0));endfor
                                                   ENDFOR
penlabels->...UFFIX2)(str$ $$,z$ $$);endfor.endfor
                                                  .endgroup
l.30 this_letter; penlabels(1,2,3,4,5,6,7,8,9,10)
                                                 ; endchar;
I'm unable to apply a partially specified transformation
except to a fully known pair or transform.
Proceed, and I'll omit the transformation.

>> x9
! Undefined x coordinate has been replaced by 0.
<to be read again> 
                   withpen
draw->...:also(EXPR0)else:doublepath(EXPR0)withpen
                                                  .currentpen.fi._op_
<to be read again> 
                   withpen
dotlabel->...m.linecap:=rounded;draw(EXPR4)withpen
                                                  .pencircle.scaled.dotlabel...
<to be read again> 
                   ;
<for(9)> makelabel(str(SUFFIX0),z(SUFFIX0));
                                             ENDFOR
<for()> ...label(str$(SUFFIX0),z$(SUFFIX0));endfor
                                                   ENDFOR
penlabels->...UFFIX2)(str$ $$,z$ $$);endfor.endfor
                                                  .endgroup
l.30 this_letter; penlabels(1,2,3,4,5,6,7,8,9,10)
                                                 ; endchar;
I need a `known' x value for this part of the path.
The value I found (see above) was no good;
so I'll try to keep going by using zero instead.
(Chapter 27 of The METAFONTbook explains that
you might want to type `I ???' now.)

>> y9
! Undefined y coordinate has been replaced by 0.
<to be read again> 
                   withpen
draw->...:also(EXPR0)else:doublepath(EXPR0)withpen
                                                  .currentpen.fi._op_
<to be read again> 
                   withpen
dotlabel->...m.linecap:=rounded;draw(EXPR4)withpen
                                                  .pencircle.scaled.dotlabel...
<to be read again> 
                   ;
<for(9)> makelabel(str(SUFFIX0),z(SUFFIX0));
                                             ENDFOR
<for()> ...label(str$(SUFFIX0),z$(SUFFIX0));endfor
                                                   ENDFOR
penlabels->...UFFIX2)(str$ $$,z$ $$);endfor.endfor
                                                  .endgroup
l.30 this_letter; penlabels(1,2,3,4,5,6,7,8,9,10)
                                                 ; endchar;
I need a `known' y value for this part of the path.
The value I found (see above) was no good;
so I'll try to keep going by using zero instead.
(Chapter 27 of The METAFONTbook explains that
you might want to type `I ???' now.)

>> (x10-4.98134,y10-3.21019,1,0,0,1)
! Transform components aren't all known.
<to be read again> 
                   endgroup
dotlabel->...group.label(SUFFIX2)((EXPR3),(EXPR4))
                                                  (TEXT5);interim.linecap:=r...
<to be read again> 
                   ;
<for(10)> makelabel(str(SUFFIX0),z(SUFFIX0));
                                              ENDFOR
<for()> ...label(str$(SUFFIX0),z$(SUFFIX0));endfor
                                                   ENDFOR
penlabels->...UFFIX2)(str$ $$,z$ $$);endfor.endfor
                                                  .endgroup
l.30 this_letter; penlabels(1,2,3,4,5,6,7,8,9,10)
                                                 ; endchar;
I'm unable to apply a partially specified transformation
except to a fully known pair or transform.
Proceed, and I'll omit the transformation.

>> x10
! Undefined x coordinate has been replaced by 0.
<to be read again> 
                   withpen
draw->...:also(EXPR0)else:doublepath(EXPR0)withpen
                                                  .currentpen.fi._op_
<to be read again> 
                   withpen
dotlabel->...m.linecap:=rounded;draw(EXPR4)withpen
                                                  .pencircle.scaled.dotlabel...
<to be read again> 
                   ;
<for(10)> makelabel(str(SUFFIX0),z(SUFFIX0));
                                              ENDFOR
<for()> ...label(str$(SUFFIX0),z$(SUFFIX0));endfor
                                                   ENDFOR
penlabels->...UFFIX2)(str$ $$,z$ $$);endfor.endfor
                                                  .endgroup
l.30 this_letter; penlabels(1,2,3,4,5,6,7,8,9,10)
                                                 ; endchar;
I need a `known' x value for this part of the path.
The value I found (see above) was no good;
so I'll try to keep going by using zero instead.
(Chapter 27 of The METAFONTbook explains that
you might want to type `I ???' now.)

>> y10
! Undefined y coordinate has been replaced by 0.
<to be read again> 
                   withpen
draw->...:also(EXPR0)else:doublepath(EXPR0)withpen
                                                  .currentpen.fi._op_
<to be read again> 
                   withpen
dotlabel->...m.linecap:=rounded;draw(EXPR4)withpen
                                                  .pencircle.scaled.dotlabel...
<to be read again> 
                   ;
<for(10)> makelabel(str(SUFFIX0),z(SUFFIX0));
                                              ENDFOR
<for()> ...label(str$(SUFFIX0),z$(SUFFIX0));endfor
                                                   ENDFOR
penlabels->...UFFIX2)(str$ $$,z$ $$);endfor.endfor
                                                  .endgroup
l.30 this_letter; penlabels(1,2,3,4,5,6,7,8,9,10)
                                                 ; endchar;
I need a `known' y value for this part of the path.
The value I found (see above) was no good;
so I'll try to keep going by using zero instead.
(Chapter 27 of The METAFONTbook explains that
you might want to type `I ???' now.)

>> (x1r-4.4417,y1r-3.21019,1,0,0,1)
! Transform components aren't all known.
<to be read again> 
                   endgroup
dotlabel->...group.label(SUFFIX2)((EXPR3),(EXPR4))
                                                  (TEXT5);interim.linecap:=r...
<to be read again> 
                   ;
<for(1)> makelabel(str(SUFFIX0)r,z(SUFFIX0)r);
                                               ENDFOR
<for(r)> ...abel(str$(SUFFIX0),z$(SUFFIX0));endfor
                                                   ENDFOR
penlabels->...UFFIX2)(str$ $$,z$ $$);endfor.endfor
                                                  .endgroup
l.30 this_letter; penlabels(1,2,3,4,5,6,7,8,9,10)
                                                 ; endchar;
I'm unable to apply a partially specified transformation
except to a fully known pair or transform.
Proceed, and I'll omit the transformation.

>> x1r
! Undefined x coordinate has been replaced by 0.
<to be read again> 
                   withpen
draw->...:also(EXPR0)else:doublepath(EXPR0)withpen
                                                  .currentpen.fi._op_
<to be read again> 
                   withpen
dotlabel->...m.linecap:=rounded;draw(EXPR4)withpen
                                                  .pencircle.scaled.dotlabel...
<to be read again> 
                   ;
<for(1)> makelabel(str(SUFFIX0)r,z(SUFFIX0)r);
                                               ENDFOR
<for(r)> ...abel(str$(SUFFIX0),z$(SUFFIX0));endfor
                                                   ENDFOR
penlabels->...UFFIX2)(str$ $$,z$ $$);endfor.endfor
                                                  .endgroup
l.30 this_letter; penlabels(1,2,3,4,5,6,7,8,9,10)
                                                 ; endchar;
I need a `known' x value for this part of the path.
The value I found (see above) was no good;
so I'll try to keep going by using zero instead.
(Chapter 27 of The METAFONTbook explains that
you might want to type `I ???' now.)

>> y1r
! Undefined y coordinate has been replaced by 0.
<to be read again> 
                   withpen
draw->...:also(EXPR0)else:doublepath(EXPR0)withpen
                                                  .currentpen.fi._op_
<to be read again> 
                   withpen
dotlabel->...m.linecap:=rounded;draw(EXPR4)withpen
                                                  .pencircle.scaled.dotlabel...
<to be read again> 
                   ;
<for(1)> makelabel(str(SUFFIX0)r,z(SUFFIX0)r);
                                               ENDFOR
<for(r)> ...abel(str$(SUFFIX0),z$(SUFFIX0));endfor
                                                   ENDFOR
penlabels->...UFFIX2)(str$ $$,z$ $$);endfor.endfor
                                                  .endgroup
l.30 this_letter; penlabels(1,2,3,4,5,6,7,8,9,10)
                                                 ; endchar;
I need a `known' y value for this part of the path.
The value I found (see above) was no good;
so I'll try to keep going by using zero instead.
(Chapter 27 of The METAFONTbook explains that
you might want to type `I ???' now.)

>> (x2r-4.4417,y2r-3.21019,1,0,0,1)
! Transform components aren't all known.
<to be read again> 
                   endgroup
dotlabel->...group.label(SUFFIX2)((EXPR3),(EXPR4))
                                                  (TEXT5);interim.linecap:=r...
<to be read again> 
                   ;
<for(2)> makelabel(str(SUFFIX0)r,z(SUFFIX0)r);
                                               ENDFOR
<for(r)> ...abel(str$(SUFFIX0),z$(SUFFIX0));endfor
                                                   ENDFOR
penlabels->...UFFIX2)(str$ $$,z$ $$);endfor.endfor
                                                  .endgroup
l.30 this_letter; penlabels(1,2,3,4,5,6,7,8,9,10)
                                                 ; endchar;
I'm unable to apply a partially specified transformation
except to a fully known pair or transform.
Proceed, and I'll omit the transformation.

>> x2r
! Undefined x coordinate has been replaced by 0.
<to be read again> 
                   withpen
draw->...:also(EXPR0)else:doublepath(EXPR0)withpen
                                                  .currentpen.fi._op_
<to be read again> 
                   withpen
dotlabel->...m.linecap:=rounded;draw(EXPR4)withpen
                                                  .pencircle.scaled.dotlabel...
<to be read again> 
                   ;
<for(2)> makelabel(str(SUFFIX0)r,z(SUFFIX0)r);
                                               ENDFOR
<for(r)> ...abel(str$(SUFFIX0),z$(SUFFIX0));endfor
                                                   ENDFOR
penlabels->...UFFIX2)(str$ $$,z$ $$);endfor.endfor
                                                  .endgroup
l.30 this_letter; penlabels(1,2,3,4,5,6,7,8,9,10)
                                                 ; endchar;
I need a `known' x value for this part of the path.
The value I found (see above) was no good;
so I'll try to keep going by using zero instead.
(Chapter 27 of The METAFONTbook explains that
you might want to type `I ???' now.)

>> y2r
! Undefined y coordinate has been replaced by 0.
<to be read again> 
                   withpen
draw->...:also(EXPR0)else:doublepath(EXPR0)withpen
                                                  .currentpen.fi._op_
<to be read again> 
                   withpen
dotlabel->...m.linecap:=rounded;draw(EXPR4)withpen
                                                  .pencircle.scaled.dotlabel...
<to be read again> 
                   ;
<for(2)> makelabel(str(SUFFIX0)r,z(SUFFIX0)r);
                                               ENDFOR
<for(r)> ...abel(str$(SUFFIX0),z$(SUFFIX0));endfor
                                                   ENDFOR
penlabels->...UFFIX2)(str$ $$,z$ $$);endfor.endfor
                                                  .endgroup
l.30 this_letter; penlabels(1,2,3,4,5,6,7,8,9,10)
                                                 ; endchar;
I need a `known' y value for this part of the path.
The value I found (see above) was no good;
so I'll try to keep going by using zero instead.
(Chapter 27 of The METAFONTbook explains that
you might want to type `I ???' now.)

>> (x3r-4.4417,y3r-3.21019,1,0,0,1)
! Transform components aren't all known.
<to be read again> 
                   endgroup
dotlabel->...group.label(SUFFIX2)((EXPR3),(EXPR4))
                                                  (TEXT5);interim.linecap:=r...
<to be read again> 
                   ;
<for(3)> makelabel(str(SUFFIX0)r,z(SUFFIX0)r);
                                               ENDFOR
<for(r)> ...abel(str$(SUFFIX0),z$(SUFFIX0));endfor
                                                   ENDFOR
penlabels->...UFFIX2)(str$ $$,z$ $$);endfor.endfor
                                                  .endgroup
l.30 this_letter; penlabels(1,2,3,4,5,6,7,8,9,10)
                                                 ; endchar;
I'm unable to apply a partially specified transformation
except to a fully known pair or transform.
Proceed, and I'll omit the transformation.

>> x3r
! Undefined x coordinate has been replaced by 0.
<to be read again> 
                   withpen
draw->...:also(EXPR0)else:doublepath(EXPR0)withpen
                                                  .currentpen.fi._op_
<to be read again> 
                   withpen
dotlabel->...m.linecap:=rounded;draw(EXPR4)withpen
                                                  .pencircle.scaled.dotlabel...
<to be read again> 
                   ;
<for(3)> makelabel(str(SUFFIX0)r,z(SUFFIX0)r);
                                               ENDFOR
<for(r)> ...abel(str$(SUFFIX0),z$(SUFFIX0));endfor
                                                   ENDFOR
penlabels->...UFFIX2)(str$ $$,z$ $$);endfor.endfor
                                                  .endgroup
l.30 this_letter; penlabels(1,2,3,4,5,6,7,8,9,10)
                                                 ; endchar;
I need a `known' x value for this part of the path.
The value I found (see above) was no good;
so I'll try to keep going by using zero instead.
(Chapter 27 of The METAFONTbook explains that
you might want to type `I ???' now.)

>> y3r
! Undefined y coordinate has been replaced by 0.
<to be read again> 
                   withpen
draw->...:also(EXPR0)else:doublepath(EXPR0)withpen
                                                  .currentpen.fi._op_
<to be read again> 
                   withpen
dotlabel->...m.linecap:=rounded;draw(EXPR4)withpen
                                                  .pencircle.scaled.dotlabel...
<to be read again> 
                   ;
<for(3)> makelabel(str(SUFFIX0)r,z(SUFFIX0)r);
                                               ENDFOR
<for(r)> ...abel(str$(SUFFIX0),z$(SUFFIX0));endfor
                                                   ENDFOR
penlabels->...UFFIX2)(str$ $$,z$ $$);endfor.endfor
                                                  .endgroup
l.30 this_letter; penlabels(1,2,3,4,5,6,7,8,9,10)
                                                 ; endchar;
I need a `known' y value for this part of the path.
The value I found (see above) was no good;
so I'll try to keep going by using zero instead.
(Chapter 27 of The METAFONTbook explains that
you might want to type `I ???' now.)

>> (x4r-4.4417,y4r-3.21019,1,0,0,1)
! Transform components aren't all known.
<to be read again> 
                   endgroup
dotlabel->...group.label(SUFFIX2)((EXPR3),(EXPR4))
                                                  (TEXT5);interim.linecap:=r...
<to be read again> 
                   ;
<for(4)> makelabel(str(SUFFIX0)r,z(SUFFIX0)r);
                                               ENDFOR
<for(r)> ...abel(str$(SUFFIX0),z$(SUFFIX0));endfor
                                                   ENDFOR
penlabels->...UFFIX2)(str$ $$,z$ $$);endfor.endfor
                                                  .endgroup
l.30 this_letter; penlabels(1,2,3,4,5,6,7,8,9,10)
                                                 ; endchar;
I'm unable to apply a partially specified transformation
except to a fully known pair or transform.
Proceed, and I'll omit the transformation.

>> x4r
! Undefined x coordinate has been replaced by 0.
<to be read again> 
                   withpen
draw->...:also(EXPR0)else:doublepath(EXPR0)withpen
                                                  .currentpen.fi._op_
<to be read again> 
                   withpen
dotlabel->...m.linecap:=rounded;draw(EXPR4)withpen
                                                  .pencircle.scaled.dotlabel...
<to be read again> 
                   ;
<for(4)> makelabel(str(SUFFIX0)r,z(SUFFIX0)r);
                                               ENDFOR
<for(r)> ...abel(str$(SUFFIX0),z$(SUFFIX0));endfor
                                                   ENDFOR
penlabels->...UFFIX2)(str$ $$,z$ $$);endfor.endfor
                                                  .endgroup
l.30 this_letter; penlabels(1,2,3,4,5,6,7,8,9,10)
                                                 ; endchar;
I need a `known' x value for this part of the path.
The value I found (see above) was no good;
so I'll try to keep going by using zero instead.
(Chapter 27 of The METAFONTbook explains that
you might want to type `I ???' now.)

>> y4r
! Undefined y coordinate has been replaced by 0.
<to be read again> 
                   withpen
draw->...:also(EXPR0)else:doublepath(EXPR0)withpen
                                                  .currentpen.fi._op_
<to be read again> 
                   withpen
dotlabel->...m.linecap:=rounded;draw(EXPR4)withpen
                                                  .pencircle.scaled.dotlabel...
<to be read again> 
                   ;
<for(4)> makelabel(str(SUFFIX0)r,z(SUFFIX0)r);
                                               ENDFOR
<for(r)> ...abel(str$(SUFFIX0),z$(SUFFIX0));endfor
                                                   ENDFOR
penlabels->...UFFIX2)(str$ $$,z$ $$);endfor.endfor
                                                  .endgroup
l.30 this_letter; penlabels(1,2,3,4,5,6,7,8,9,10)
                                                 ; endchar;
I need a `known' y value for this part of the path.
The value I found (see above) was no good;
so I'll try to keep going by using zero instead.
(Chapter 27 of The METAFONTbook explains that
you might want to type `I ???' now.)

>> (x5r-4.4417,y5r-3.21019,1,0,0,1)
! Transform components aren't all known.
<to be read again> 
                   endgroup
dotlabel->...group.label(SUFFIX2)((EXPR3),(EXPR4))
                                                  (TEXT5);interim.linecap:=r...
<to be read again> 
                   ;
<for(5)> makelabel(str(SUFFIX0)r,z(SUFFIX0)r);
                                               ENDFOR
<for(r)> ...abel(str$(SUFFIX0),z$(SUFFIX0));endfor
                                                   ENDFOR
penlabels->...UFFIX2)(str$ $$,z$ $$);endfor.endfor
                                                  .endgroup
l.30 this_letter; penlabels(1,2,3,4,5,6,7,8,9,10)
                                                 ; endchar;
I'm unable to apply a partially specified transformation
except to a fully known pair or transform.
Proceed, and I'll omit the transformation.

>> x5r
! Undefined x coordinate has been replaced by 0.
<to be read again> 
                   withpen
draw->...:also(EXPR0)else:doublepath(EXPR0)withpen
                                                  .currentpen.fi._op_
<to be read again> 
                   withpen
dotlabel->...m.linecap:=rounded;draw(EXPR4)withpen
                                                  .pencircle.scaled.dotlabel...
<to be read again> 
                   ;
<for(5)> makelabel(str(SUFFIX0)r,z(SUFFIX0)r);
                                               ENDFOR
<for(r)> ...abel(str$(SUFFIX0),z$(SUFFIX0));endfor
                                                   ENDFOR
penlabels->...UFFIX2)(str$ $$,z$ $$);endfor.endfor
                                                  .endgroup
l.30 this_letter; penlabels(1,2,3,4,5,6,7,8,9,10)
                                                 ; endchar;
I need a `known' x value for this part of the path.
The value I found (see above) was no good;
so I'll try to keep going by using zero instead.
(Chapter 27 of The METAFONTbook explains that
you might want to type `I ???' now.)

>> y5r
! Undefined y coordinate has been replaced by 0.
<to be read again> 
                   withpen
draw->...:also(EXPR0)else:doublepath(EXPR0)withpen
                                                  .currentpen.fi._op_
<to be read again> 
                   withpen
dotlabel->...m.linecap:=rounded;draw(EXPR4)withpen
                                                  .pencircle.scaled.dotlabel...
<to be read again> 
                   ;
<for(5)> makelabel(str(SUFFIX0)r,z(SUFFIX0)r);
                                               ENDFOR
<for(r)> ...abel(str$(SUFFIX0),z$(SUFFIX0));endfor
                                                   ENDFOR
penlabels->...UFFIX2)(str$ $$,z$ $$);endfor.endfor
                                                  .endgroup
l.30 this_letter; penlabels(1,2,3,4,5,6,7,8,9,10)
                                                 ; endchar;
I need a `known' y value for this part of the path.
The value I found (see above) was no good;
so I'll try to keep going by using zero instead.
(Chapter 27 of The METAFONTbook explains that
you might want to type `I ???' now.)

>> (x6r-4.4417,y6r-3.21019,1,0,0,1)
! Transform components aren't all known.
<to be read again> 
                   endgroup
dotlabel->...group.label(SUFFIX2)((EXPR3),(EXPR4))
                                                  (TEXT5);interim.linecap:=r...
<to be read again> 
                   ;
<for(6)> makelabel(str(SUFFIX0)r,z(SUFFIX0)r);
                                               ENDFOR
<for(r)> ...abel(str$(SUFFIX0),z$(SUFFIX0));endfor
                                                   ENDFOR
penlabels->...UFFIX2)(str$ $$,z$ $$);endfor.endfor
                                                  .endgroup
l.30 this_letter; penlabels(1,2,3,4,5,6,7,8,9,10)
                                                 ; endchar;
I'm unable to apply a partially specified transformation
except to a fully known pair or transform.
Proceed, and I'll omit the transformation.

>> x6r
! Undefined x coordinate has been replaced by 0.
<to be read again> 
                   withpen
draw->...:also(EXPR0)else:doublepath(EXPR0)withpen
                                                  .currentpen.fi._op_
<to be read again> 
                   withpen
dotlabel->...m.linecap:=rounded;draw(EXPR4)withpen
                                                  .pencircle.scaled.dotlabel...
<to be read again> 
                   ;
<for(6)> makelabel(str(SUFFIX0)r,z(SUFFIX0)r);
                                               ENDFOR
<for(r)> ...abel(str$(SUFFIX0),z$(SUFFIX0));endfor
                                                   ENDFOR
penlabels->...UFFIX2)(str$ $$,z$ $$);endfor.endfor
                                                  .endgroup
l.30 this_letter; penlabels(1,2,3,4,5,6,7,8,9,10)
                                                 ; endchar;
I need a `known' x value for this part of the path.
The value I found (see above) was no good;
so I'll try to keep going by using zero instead.
(Chapter 27 of The METAFONTbook explains that
you might want to type `I ???' now.)

>> y6r
! Undefined y coordinate has been replaced by 0.
<to be read again> 
                   withpen
draw->...:also(EXPR0)else:doublepath(EXPR0)withpen
                                                  .currentpen.fi._op_
<to be read again> 
                   withpen
dotlabel->...m.linecap:=rounded;draw(EXPR4)withpen
                                                  .pencircle.scaled.dotlabel...
<to be read again> 
                   ;
<for(6)> makelabel(str(SUFFIX0)r,z(SUFFIX0)r);
                                               ENDFOR
<for(r)> ...abel(str$(SUFFIX0),z$(SUFFIX0));endfor
                                                   ENDFOR
penlabels->...UFFIX2)(str$ $$,z$ $$);endfor.endfor
                                                  .endgroup
l.30 this_letter; penlabels(1,2,3,4,5,6,7,8,9,10)
                                                 ; endchar;
I need a `known' y value for this part of the path.
The value I found (see above) was no good;
so I'll try to keep going by using zero instead.
(Chapter 27 of The METAFONTbook explains that
you might want to type `I ???' now.)

>> (x7r-4.4417,y7r-3.21019,1,0,0,1)
! Transform components aren't all known.
<to be read again> 
                   endgroup
dotlabel->...group.label(SUFFIX2)((EXPR3),(EXPR4))
                                                  (TEXT5);interim.linecap:=r...
<to be read again> 
                   ;
<for(7)> makelabel(str(SUFFIX0)r,z(SUFFIX0)r);
                                               ENDFOR
<for(r)> ...abel(str$(SUFFIX0),z$(SUFFIX0));endfor
                                                   ENDFOR
penlabels->...UFFIX2)(str$ $$,z$ $$);endfor.endfor
                                                  .endgroup
l.30 this_letter; penlabels(1,2,3,4,5,6,7,8,9,10)
                                                 ; endchar;
I'm unable to apply a partially specified transformation
except to a fully known pair or transform.
Proceed, and I'll omit the transformation.

>> x7r
! Undefined x coordinate has been replaced by 0.
<to be read again> 
                   withpen
draw->...:also(EXPR0)else:doublepath(EXPR0)withpen
                                                  .currentpen.fi._op_
<to be read again> 
                   withpen
dotlabel->...m.linecap:=rounded;draw(EXPR4)withpen
                                                  .pencircle.scaled.dotlabel...
<to be read again> 
                   ;
<for(7)> makelabel(str(SUFFIX0)r,z(SUFFIX0)r);
                                               ENDFOR
<for(r)> ...abel(str$(SUFFIX0),z$(SUFFIX0));endfor
                                                   ENDFOR
penlabels->...UFFIX2)(str$ $$,z$ $$);endfor.endfor
                                                  .endgroup
l.30 this_letter; penlabels(1,2,3,4,5,6,7,8,9,10)
                                                 ; endchar;
I need a `known' x value for this part of the path.
The value I found (see above) was no good;
so I'll try to keep going by using zero instead.
(Chapter 27 of The METAFONTbook explains that
you might want to type `I ???' now.)

>> y7r
! Undefined y coordinate has been replaced by 0.
<to be read again> 
                   withpen
draw->...:also(EXPR0)else:doublepath(EXPR0)withpen
                                                  .currentpen.fi._op_
<to be read again> 
                   withpen
dotlabel->...m.linecap:=rounded;draw(EXPR4)withpen
                                                  .pencircle.scaled.dotlabel...
<to be read again> 
                   ;
<for(7)> makelabel(str(SUFFIX0)r,z(SUFFIX0)r);
                                               ENDFOR
<for(r)> ...abel(str$(SUFFIX0),z$(SUFFIX0));endfor
                                                   ENDFOR
penlabels->...UFFIX2)(str$ $$,z$ $$);endfor.endfor
                                                  .endgroup
l.30 this_letter; penlabels(1,2,3,4,5,6,7,8,9,10)
                                                 ; endchar;
I need a `known' y value for this part of the path.
The value I found (see above) was no good;
so I'll try to keep going by using zero instead.
(Chapter 27 of The METAFONTbook explains that
you might want to type `I ???' now.)

>> (x8r-4.4417,y8r-3.21019,1,0,0,1)
! Transform components aren't all known.
<to be read again> 
                   endgroup
dotlabel->...group.label(SUFFIX2)((EXPR3),(EXPR4))
                                                  (TEXT5);interim.linecap:=r...
<to be read again> 
                   ;
<for(8)> makelabel(str(SUFFIX0)r,z(SUFFIX0)r);
                                               ENDFOR
<for(r)> ...abel(str$(SUFFIX0),z$(SUFFIX0));endfor
                                                   ENDFOR
penlabels->...UFFIX2)(str$ $$,z$ $$);endfor.endfor
                                                  .endgroup
l.30 this_letter; penlabels(1,2,3,4,5,6,7,8,9,10)
                                                 ; endchar;
I'm unable to apply a partially specified transformation
except to a fully known pair or transform.
Proceed, and I'll omit the transformation.

>> x8r
! Undefined x coordinate has been replaced by 0.
<to be read again> 
                   withpen
draw->...:also(EXPR0)else:doublepath(EXPR0)withpen
                                                  .currentpen.fi._op_
<to be read again> 
                   withpen
dotlabel->...m.linecap:=rounded;draw(EXPR4)withpen
                                                  .pencircle.scaled.dotlabel...
<to be read again> 
                   ;
<for(8)> makelabel(str(SUFFIX0)r,z(SUFFIX0)r);
                                               ENDFOR
<for(r)> ...abel(str$(SUFFIX0),z$(SUFFIX0));endfor
                                                   ENDFOR
penlabels->...UFFIX2)(str$ $$,z$ $$);endfor.endfor
                                                  .endgroup
l.30 this_letter; penlabels(1,2,3,4,5,6,7,8,9,10)
                                                 ; endchar;
I need a `known' x value for this part of the path.
The value I found (see above) was no good;
so I'll try to keep going by using zero instead.
(Chapter 27 of The METAFONTbook explains that
you might want to type `I ???' now.)

>> y8r
! Undefined y coordinate has been replaced by 0.
<to be read again> 
                   withpen
draw->...:also(EXPR0)else:doublepath(EXPR0)withpen
                                                  .currentpen.fi._op_
<to be read again> 
                   withpen
dotlabel->...m.linecap:=rounded;draw(EXPR4)withpen
                                                  .pencircle.scaled.dotlabel...
<to be read again> 
                   ;
<for(8)> makelabel(str(SUFFIX0)r,z(SUFFIX0)r);
                                               ENDFOR
<for(r)> ...abel(str$(SUFFIX0),z$(SUFFIX0));endfor
                                                   ENDFOR
penlabels->...UFFIX2)(str$ $$,z$ $$);endfor.endfor
                                                  .endgroup
l.30 this_letter; penlabels(1,2,3,4,5,6,7,8,9,10)
                                                 ; endchar;
I need a `known' y value for this part of the path.
The value I found (see above) was no good;
so I'll try to keep going by using zero instead.
(Chapter 27 of The METAFONTbook explains that
you might want to type `I ???' now.)

>> (x9r-4.4417,y9r-3.21019,1,0,0,1)
! Transform components aren't all known.
<to be read again> 
                   endgroup
dotlabel->...group.label(SUFFIX2)((EXPR3),(EXPR4))
                                                  (TEXT5);interim.linecap:=r...
<to be read again> 
                   ;
<for(9)> makelabel(str(SUFFIX0)r,z(SUFFIX0)r);
                                               ENDFOR
<for(r)> ...abel(str$(SUFFIX0),z$(SUFFIX0));endfor
                                                   ENDFOR
penlabels->...UFFIX2)(str$ $$,z$ $$);endfor.endfor
                                                  .endgroup
l.30 this_letter; penlabels(1,2,3,4,5,6,7,8,9,10)
                                                 ; endchar;
I'm unable to apply a partially specified transformation
except to a fully known pair or transform.
Proceed, and I'll omit the transformation.

>> x9r
! Undefined x coordinate has been replaced by 0.
<to be read again> 
                   withpen
draw->...:also(EXPR0)else:doublepath(EXPR0)withpen
                                                  .currentpen.fi._op_
<to be read again> 
                   withpen
dotlabel->...m.linecap:=rounded;draw(EXPR4)withpen
                                                  .pencircle.scaled.dotlabel...
<to be read again> 
                   ;
<for(9)> makelabel(str(SUFFIX0)r,z(SUFFIX0)r);
                                               ENDFOR
<for(r)> ...abel(str$(SUFFIX0),z$(SUFFIX0));endfor
                                                   ENDFOR
penlabels->...UFFIX2)(str$ $$,z$ $$);endfor.endfor
                                                  .endgroup
l.30 this_letter; penlabels(1,2,3,4,5,6,7,8,9,10)
                                                 ; endchar;
I need a `known' x value for this part of the path.
The value I found (see above) was no good;
so I'll try to keep going by using zero instead.
(Chapter 27 of The METAFONTbook explains that
you might want to type `I ???' now.)

>> y9r
! Undefined y coordinate has been replaced by 0.
<to be read again> 
                   withpen
draw->...:also(EXPR0)else:doublepath(EXPR0)withpen
                                                  .currentpen.fi._op_
<to be read again> 
                   withpen
dotlabel->...m.linecap:=rounded;draw(EXPR4)withpen
                                                  .pencircle.scaled.dotlabel...
<to be read again> 
                   ;
<for(9)> makelabel(str(SUFFIX0)r,z(SUFFIX0)r);
                                               ENDFOR
<for(r)> ...abel(str$(SUFFIX0),z$(SUFFIX0));endfor
                                                   ENDFOR
penlabels->...UFFIX2)(str$ $$,z$ $$);endfor.endfor
                                                  .endgroup
l.30 this_letter; penlabels(1,2,3,4,5,6,7,8,9,10)
                                                 ; endchar;
I need a `known' y value for this part of the path.
The value I found (see above) was no good;
so I'll try to keep going by using zero instead.
(Chapter 27 of The METAFONTbook explains that
you might want to type `I ???' now.)

>> (x10r-6.93237,y10r-3.21019,1,0,0,1)
! Transform components aren't all known.
<to be read again> 
                   endgroup
dotlabel->...group.label(SUFFIX2)((EXPR3),(EXPR4))
                                                  (TEXT5);interim.linecap:=r...
<to be read again> 
                   ;
<for(10)> makelabel(str(SUFFIX0)r,z(SUFFIX0)r);
                                                ENDFOR
<for(r)> ...abel(str$(SUFFIX0),z$(SUFFIX0));endfor
                                                   ENDFOR
penlabels->...UFFIX2)(str$ $$,z$ $$);endfor.endfor
                                                  .endgroup
l.30 this_letter; penlabels(1,2,3,4,5,6,7,8,9,10)
                                                 ; endchar;
I'm unable to apply a partially specified transformation
except to a fully known pair or transform.
Proceed, and I'll omit the transformation.

>> x10r
! Undefined x coordinate has been replaced by 0.
<to be read again> 
                   withpen
draw->...:also(EXPR0)else:doublepath(EXPR0)withpen
                                                  .currentpen.fi._op_
<to be read again> 
                   withpen
dotlabel->...m.linecap:=rounded;draw(EXPR4)withpen
                                                  .pencircle.scaled.dotlabel...
<to be read again> 
                   ;
<for(10)> makelabel(str(SUFFIX0)r,z(SUFFIX0)r);
                                                ENDFOR
<for(r)> ...abel(str$(SUFFIX0),z$(SUFFIX0));endfor
                                                   ENDFOR
penlabels->...UFFIX2)(str$ $$,z$ $$);endfor.endfor
                                                  .endgroup
l.30 this_letter; penlabels(1,2,3,4,5,6,7,8,9,10)
                                                 ; endchar;
I need a `known' x value for this part of the path.
The value I found (see above) was no good;
so I'll try to keep going by using zero instead.
(Chapter 27 of The METAFONTbook explains that
you might want to type `I ???' now.)

>> y10r
! Undefined y coordinate has been replaced by 0.
<to be read again> 
                   withpen
draw->...:also(EXPR0)else:doublepath(EXPR0)withpen
                                                  .currentpen.fi._op_
<to be read again> 
                   withpen
dotlabel->...m.linecap:=rounded;draw(EXPR4)withpen
                                                  .pencircle.scaled.dotlabel...
<to be read again> 
                   ;
<for(10)> makelabel(str(SUFFIX0)r,z(SUFFIX0)r);
                                                ENDFOR
<for(r)> ...abel(str$(SUFFIX0),z$(SUFFIX0));endfor
                                                   ENDFOR
penlabels->...UFFIX2)(str$ $$,z$ $$);endfor.endfor
                                                  .endgroup
l.30 this_letter; penlabels(1,2,3,4,5,6,7,8,9,10)
                                                 ; endchar;
I need a `known' y value for this part of the path.
The value I found (see above) was no good;
so I'll try to keep going by using zero instead.
(Chapter 27 of The METAFONTbook explains that
you might want to type `I ???' now.)

>> endchar
! Isolated expression.
<to be read again> 
                   ;
l.30 ... penlabels(1,2,3,4,5,6,7,8,9,10); endchar;
                                                  
I couldn't find an `=' or `:=' after the
expression that is shown above this error message,
so I guess I'll just ignore it and carry on.

>> cmchar
! Isolated expression.
<to be read again> 
                   "Lowercase sigma followed by xi"
l.34 cmchar "Lowercase sigma followed by xi"
                                            ;
I couldn't find an `=' or `:=' after the
expression that is shown above this error message,
so I guess I'll just ignore it and carry on.

! Extra tokens will be flushed.
<to be read again> 
                   "Lowercase sigma followed by xi"
l.34 cmchar "Lowercase sigma followed by xi"
                                            ;
I've just read as much of that statement as I could fathom,
so a semicolon should have been next. It's very puzzling...
but I'll try to get myself back together, by ignoring
everything up to the next `;'. Please insert a semicolon
now in front of anything that you don't want me to delete.
(See Chapter 27 of The METAFONTbook for an example.)

>> begindoublechar
! Isolated expression.
<to be read again> 
                   (
l.35 begindoublechar(
                     oct"030",dim_sigma);
I couldn't find an `=' or `:=' after the
expression that is shown above this error message,
so I guess I'll just ignore it and carry on.

! Extra tokens will be flushed.
<to be read again> 
                   (
l.35 begindoublechar(
                     oct"030",dim_sigma);
I've just read as much of that statement as I could fathom,
so a semicolon should have been next. It's very puzzling...
but I'll try to get myself back together, by ignoring
everything up to the next `;'. Please insert a semicolon
now in front of anything that you don't want me to delete.
(See Chapter 27 of The METAFONTbook for an example.)

>> mid_sigma
! Isolated expression.
<to be read again> 
                   ;
l.36 mid_sigma;
                middoublechar(dims); this_letter; endchar;
I couldn't find an `=' or `:=' after the
expression that is shown above this error message,
so I guess I'll just ignore it and carry on.

>> middoublechar
! Isolated expression.
<to be read again> 
                   (
l.36 mid_sigma; middoublechar(
                              dims); this_letter; endchar;
I couldn't find an `=' or `:=' after the
expression that is shown above this error message,
so I guess I'll just ignore it and carry on.

! Extra tokens will be flushed.
<to be read again> 
                   (
l.36 mid_sigma; middoublechar(
                              dims); this_letter; endchar;
I've just read as much of that statement as I could fathom,
so a semicolon should have been next. It's very puzzling...
but I'll try to get myself back together, by ignoring
everything up to the next `;'. Please insert a semicolon
now in front of anything that you don't want me to delete.
(See Chapter 27 of The METAFONTbook for an example.)

>> this_letter
! Isolated expression.
<to be read again> 
                   ;
l.36 mid_sigma; middoublechar(dims); this_letter;
                                                  endchar;
I couldn't find an `=' or `:=' after the
expression that is shown above this error message,
so I guess I'll just ignore it and carry on.

>> endchar
! Isolated expression.
<to be read again> 
                   ;
l.36 ...middoublechar(dims); this_letter; endchar;
                                                  
I couldn't find an `=' or `:=' after the
expression that is shown above this error message,
so I guess I'll just ignore it and carry on.

)
! Emergency stop.
<*> x
     
*** (job aborted, no legal end found)


