This is pdfTeXk, Version 3.141592-1.40.3 (Web2C 7.5.6) (format=latex 2009.6.25)  21 JUL 2009 10:29
entering extended mode
 %&-line parsing enabled.
**feynman
(./feynman.tex
LaTeX2e <2005/12/01>
Babel <v3.8h> and hyphenation patterns for english, usenglishmax, dumylang, noh
yphenation, arabic, farsi, croatian, ukrainian, russian, bulgarian, czech, slov
ak, danish, dutch, finnish, basque, french, german, ngerman, ibycus, greek, mon
ogreek, ancientgreek, hungarian, italian, latin, mongolian, norsk, icelandic, i
nterlingua, turkish, coptic, romanian, welsh, serbian, slovenian, estonian, esp
eranto, uppersorbian, indonesian, polish, portuguese, spanish, catalan, galicia
n, swedish, ukenglish, loaded.
(/usr/share/texmf-texlive/tex/latex/amscls/amsart.cls
Document Class: amsart 2004/08/06 v2.20
\linespacing=\dimen102
\normalparindent=\dimen103
\normaltopskip=\skip41
(/usr/share/texmf-texlive/tex/latex/amsmath/amsmath.sty
Package: amsmath 2000/07/18 v2.13 AMS math features
\@mathmargin=\skip42

For additional information on amsmath, use the `?' option.
(/usr/share/texmf-texlive/tex/latex/amsmath/amstext.sty
Package: amstext 2000/06/29 v2.01

(/usr/share/texmf-texlive/tex/latex/amsmath/amsgen.sty
File: amsgen.sty 1999/11/30 v2.0
\@emptytoks=\toks14
\ex@=\dimen104
))
(/usr/share/texmf-texlive/tex/latex/amsmath/amsbsy.sty
Package: amsbsy 1999/11/29 v1.2d
\pmbraise@=\dimen105
)
(/usr/share/texmf-texlive/tex/latex/amsmath/amsopn.sty
Package: amsopn 1999/12/14 v2.01 operator names
)
\inf@bad=\count79
LaTeX Info: Redefining \frac on input line 211.
\uproot@=\count80
\leftroot@=\count81
LaTeX Info: Redefining \overline on input line 307.
\classnum@=\count82
\DOTSCASE@=\count83
LaTeX Info: Redefining \ldots on input line 379.
LaTeX Info: Redefining \dots on input line 382.
LaTeX Info: Redefining \cdots on input line 467.
\Mathstrutbox@=\box26
\strutbox@=\box27
\big@size=\dimen106
LaTeX Font Info:    Redeclaring font encoding OML on input line 567.
LaTeX Font Info:    Redeclaring font encoding OMS on input line 568.
\macc@depth=\count84
\c@MaxMatrixCols=\count85
\dotsspace@=\muskip10
\c@parentequation=\count86
\dspbrk@lvl=\count87
\tag@help=\toks15
\row@=\count88
\column@=\count89
\maxfields@=\count90
\andhelp@=\toks16
\eqnshift@=\dimen107
\alignsep@=\dimen108
\tagshift@=\dimen109
\tagwidth@=\dimen110
\totwidth@=\dimen111
\lineht@=\dimen112
\@envbody=\toks17
\multlinegap=\skip43
\multlinetaggap=\skip44
\mathdisplay@stack=\toks18
LaTeX Info: Redefining \[ on input line 2666.
LaTeX Info: Redefining \] on input line 2667.
)
LaTeX Font Info:    Try loading font information for U+msa on input line 407.

(/usr/share/texmf-texlive/tex/latex/amsfonts/umsa.fd
File: umsa.fd 2002/01/19 v2.2g AMS font definitions
)
(/usr/share/texmf-texlive/tex/latex/amsfonts/amsfonts.sty
Package: amsfonts 2001/10/25 v2.2f
\symAMSa=\mathgroup4
\symAMSb=\mathgroup5
LaTeX Font Info:    Overwriting math alphabet `\mathfrak' in version `bold'
(Font)                  U/euf/m/n --> U/euf/b/n on input line 132.
)
\copyins=\insert233
\abstractbox=\box28
\listisep=\skip45
\c@part=\count91
\c@section=\count92
\c@subsection=\count93
\c@subsubsection=\count94
\c@paragraph=\count95
\c@subparagraph=\count96
\c@figure=\count97
\c@table=\count98
\abovecaptionskip=\skip46
\belowcaptionskip=\skip47
\captionindent=\dimen113
\thm@style=\toks19
\thm@bodyfont=\toks20
\thm@headfont=\toks21
\thm@notefont=\toks22
\thm@headpunct=\toks23
\thm@preskip=\skip48
\thm@postskip=\skip49
\thm@headsep=\skip50
\dth@everypar=\toks24
)
(/usr/share/texmf-texlive/tex/latex/feyn/feyn.sty
Package: feyn 2002/04/23 0.1 textpos

Package: `feyn' 0.1 <2002/04/23>
\symfeynman=\mathgroup6
\symtextfeynman=\mathgroup7
LaTeX Font Info:    Try loading font information for U+msa on input line 72.
(/usr/share/texmf-texlive/tex/latex/amsfonts/umsa.fd
File: umsa.fd 2002/01/19 v2.2g AMS font definitions
)
LaTeX Font Info:    Try loading font information for U+msb on input line 72.

(/usr/share/texmf-texlive/tex/latex/amsfonts/umsb.fd
File: umsb.fd 2002/01/19 v2.2g AMS font definitions
)
\FEYN@module=\dimen114
\FEYN@maxis=\dimen115
) (./fly.sty
(/usr/share/texmf-texlive/tex/latex/manfnt/manfnt.sty
Package: manfnt 1999/07/010.2LaTeX2e manfnt package
\dbend@height=\skip51
)
(/usr/share/texmf-texlive/tex/latex/amsfonts/amssymb.sty
Package: amssymb 2002/01/22 v2.2d
)
(/usr/share/texmf-texlive/tex/latex/bbm/bbm.sty
Package: bbm 1999/03/15 V 1.2 provides fonts for set symbols - TH
LaTeX Font Info:    Overwriting math alphabet `\mathbbm' in version `bold'
(Font)                  U/bbm/m/n --> U/bbm/bx/n on input line 33.
LaTeX Font Info:    Overwriting math alphabet `\mathbbmss' in version `bold'
(Font)                  U/bbmss/m/n --> U/bbmss/bx/n on input line 35.
)
(/usr/share/texmf-texlive/tex/latex/carlisle/slashed.sty
Package: slashed 1997/01/16 v0.01 Feynman Slashed Character Notation (DPC)
)
(/usr/share/texmf-texlive/tex/latex/hyperref/hyperref.sty
Package: hyperref 2007/02/07 v6.75r Hypertext links for LaTeX

(/usr/share/texmf-texlive/tex/latex/graphics/keyval.sty
Package: keyval 1999/03/16 v1.13 key=value parser (DPC)
\KV@toks@=\toks25
)
\@linkdim=\dimen116
\Hy@linkcounter=\count99
\Hy@pagecounter=\count100

(/usr/share/texmf-texlive/tex/latex/hyperref/pd1enc.def
File: pd1enc.def 2007/02/07 v6.75r Hyperref: PDFDocEncoding definition (HO)
)
(/etc/texmf/tex/latex/config/hyperref.cfg
File: hyperref.cfg 2002/06/06 v1.2 hyperref configuration of TeXLive
)
(/usr/share/texmf-texlive/tex/latex/oberdiek/kvoptions.sty
Package: kvoptions 2006/08/22 v2.4 Connects package keyval with LaTeX options (
HO)
)
Package hyperref Info: Hyper figures OFF on input line 2288.
Package hyperref Info: Link nesting OFF on input line 2293.
Package hyperref Info: Hyper index ON on input line 2296.
Package hyperref Info: Plain pages OFF on input line 2303.
Package hyperref Info: Backreferencing OFF on input line 2308.

Implicit mode ON; LaTeX internals redefined
Package hyperref Info: Bookmarks ON on input line 2444.
(/usr/share/texmf-texlive/tex/latex/ltxmisc/url.sty
\Urlmuskip=\muskip11
Package: url 2005/06/27  ver 3.2  Verb mode for urls, etc.
)
LaTeX Info: Redefining \url on input line 2599.
\Fld@menulength=\count101
\Field@Width=\dimen117
\Fld@charsize=\dimen118
\Choice@toks=\toks26
\Field@toks=\toks27
Package hyperref Info: Hyper figures OFF on input line 3102.
Package hyperref Info: Link nesting OFF on input line 3107.
Package hyperref Info: Hyper index ON on input line 3110.
Package hyperref Info: backreferencing OFF on input line 3117.
Package hyperref Info: Link coloring OFF on input line 3122.
\Hy@abspage=\count102
\c@Item=\count103
\c@Hfootnote=\count104
)
*hyperref using default driver hdvips*
(/usr/share/texmf-texlive/tex/latex/hyperref/hdvips.def
File: hdvips.def 2007/02/07 v6.75r Hyperref driver for dvips

(/usr/share/texmf-texlive/tex/latex/hyperref/pdfmark.def
File: pdfmark.def 2007/02/07 v6.75r Hyperref definitions for pdfmark specials
\pdf@docset=\toks28
\pdf@box=\box29
\pdf@toks=\toks29
\pdf@defaulttoks=\toks30
\Fld@listcount=\count105
))
Package hyperref Info: Option `colorlinks' set `true' on input line 16.
\c@defn=\count106
\c@ex=\count107
\c@prop=\count108
\c@thm=\count109
\c@lem=\count110
\c@axm=\count111
\c@rmk=\count112
\c@cor=\count113
\c@property=\count114
)
(/usr/share/texmf-texlive/tex/latex/graphics/color.sty
Package: color 2005/11/14 v1.0j Standard LaTeX Color (DPC)

(/etc/texmf/tex/latex/config/color.cfg
File: color.cfg 2007/01/18 v1.5 color configuration of teTeX/TeXLive
)
Package color Info: Driver file: dvips.def on input line 130.

(/usr/share/texmf-texlive/tex/latex/graphics/dvips.def
File: dvips.def 1999/02/16 v3.0i Driver-dependant file (DPC,SPQR)
)
(/usr/share/texmf-texlive/tex/latex/graphics/dvipsnam.def
File: dvipsnam.def 1999/02/16 v3.0i Driver-dependant file (DPC,SPQR)
))
(/usr/share/texmf/tex/latex/feynmf/feynmp.sty
Package: feynmp 1996/12/02 v1.08 LaTeX/MetaPost Feynman Diagram Package (ohl)

(/usr/share/texmf-texlive/tex/latex/graphics/graphics.sty
Package: graphics 2006/02/20 v1.0o Standard LaTeX Graphics (DPC,SPQR)

(/usr/share/texmf-texlive/tex/latex/graphics/trig.sty
Package: trig 1999/03/16 v1.09 sin cos tan (DPC)
)
(/etc/texmf/tex/latex/config/graphics.cfg
File: graphics.cfg 2007/01/18 v1.5 graphics configuration of teTeX/TeXLive
)
Package graphics Info: Driver file: dvips.def on input line 90.
)
\@outfmf=\write3
\fmfbuf@=\toks31
\c@fmfgraph=\count115
) (./feynman.aux)
\openout1 = `feynman.aux'.

LaTeX Font Info:    Checking defaults for OML/cmm/m/it on input line 24.
LaTeX Font Info:    ... okay on input line 24.
LaTeX Font Info:    Checking defaults for T1/cmr/m/n on input line 24.
LaTeX Font Info:    ... okay on input line 24.
LaTeX Font Info:    Checking defaults for OT1/cmr/m/n on input line 24.
LaTeX Font Info:    ... okay on input line 24.
LaTeX Font Info:    Checking defaults for OMS/cmsy/m/n on input line 24.
LaTeX Font Info:    ... okay on input line 24.
LaTeX Font Info:    Checking defaults for OMX/cmex/m/n on input line 24.
LaTeX Font Info:    ... okay on input line 24.
LaTeX Font Info:    Checking defaults for U/cmr/m/n on input line 24.
LaTeX Font Info:    ... okay on input line 24.
LaTeX Font Info:    Checking defaults for PD1/pdf/m/n on input line 24.
LaTeX Font Info:    ... okay on input line 24.
Package hyperref Info: Link coloring ON on input line 24.

(/usr/share/texmf-texlive/tex/latex/hyperref/nameref.sty
Package: nameref 2006/12/27 v2.28 Cross-referencing by name of section

(/usr/share/texmf-texlive/tex/latex/oberdiek/refcount.sty
Package: refcount 2006/02/20 v3.0 Data extraction from references (HO)
)
\c@section@level=\count116
)
LaTeX Info: Redefining \ref on input line 24.
LaTeX Info: Redefining \pageref on input line 24.
 (./feynman.out)
(./feynman.out)
\@outlinefile=\write4
\openout4 = `feynman.out'.



Package hyperref Warning: Destination with empty name ignored on input line 33.


(./rules.tex [1]) (./exOne.tex
\openout3 = `exOneImg1.mp'.

File: exOneImg1.1 Graphic file (type eps)
 <exOneImg1.1> (./exOneImg1.t1)
\openout3 = `exOneImg2.mp'.

File: exOneImg2.1 Graphic file (type eps)
 <exOneImg2.1>
(./exOneImg2.t1)
\openout3 = `exOneImg3.mp'.

File: exOneImg3.1 Graphic file (type eps)
 <exOneImg3.1> (./exOneImg3.t1) [2]
Underfull \hbox (badness 10000) in paragraph at lines 85--90

 []

\openout3 = `exOneImg4.mp'.

File: exOneImg4.1 Graphic file (type eps)
<exOneImg4.1> (./exOneImg4.t1)
\openout3 = `exOneImg5.mp'.

File: exOneImg5.1 Graphic file (type eps)
 <exOneImg5.1> (./exOneImg5.t1)
\openout3 = `exOneImg6.mp'.

File: exOneImg6.1 Graphic file (type eps)
 <exOneImg6.1>
(./exOneImg6.t1) [3]
\openout3 = `exOneImg7.mp'.

File: exOneImg7.1 Graphic file (type eps)
 <exOneImg7.1> (./exOneImg7.t1) [4]) (./exTwo.tex
\openout3 = `exTwoImg1.mp'.

File: exTwoImg1.1 Graphic file (type eps)

<exTwoImg1.1> (./exTwoImg1.t1)
\openout3 = `exTwoImg2.mp'.

File: exTwoImg2.1 Graphic file (type eps)
 <exTwoImg2.1> (./exTwoImg2.t1)
\openout3 = `exTwoImg3.mp'.

File: exTwoImg3.1 Graphic file (type eps)
 <exTwoImg3.1>
(./exTwoImg3.t1) [5]
\openout3 = `exTwoImg4.mp'.

File: exTwoImg4.1 Graphic file (type eps)
 <exTwoImg4.1> (./exTwoImg4.t1)
\openout3 = `exTwoImg5.mp'.

File: exTwoImg5.1 Graphic file (type eps)
 <exTwoImg5.1>
(./exTwoImg5.t1)
\openout3 = `exTwoImg6.mp'.

File: exTwoImg6.1 Graphic file (type eps)
 <exTwoImg6.1> (./exTwoImg6.t1) [6]
\openout3 = `exTwoImg7.mp'.

File: exTwoImg7.1 Graphic file (type eps)
 <exTwoImg7.1>
(./exTwoImg7.t1)
Overfull \hbox (69.0157pt too wide) detected at line 227
[] \OMS/cmsy/m/n/10 ^^@ \OML/cmm/m/it/10 g[][][][][] \OT1/cmr/m/n/10 = \OML/cmm
/m/it/10 g[][][][][]:
 []

\openout3 = `exTwoImg8.mp'.

File: exTwoImg8.1 Graphic file (type eps)
<exTwoImg8.1> (./exTwoImg8.t1) [7]
\openout3 = `exTwoImg9.mp'.

File: exTwoImg9.1 Graphic file (type eps)
 <exTwoImg9.1> (./exTwoImg9.t1)
Overfull \hbox (1.28496pt too wide) detected at line 309
[]\OT1/cmr/m/n/10 (2\OML/cmm/m/it/10 ^^Y\OT1/cmr/m/n/10 )[]\OML/cmm/m/it/10 g[]
[][][][]^^N[]\OT1/cmr/m/n/10 (\OML/cmm/m/it/10 p[] \OMS/cmsy/m/n/10 ^^@ \OML/cm
m/m/it/10 p[] \OMS/cmsy/m/n/10 ^^@ \OML/cmm/m/it/10 q[]\OT1/cmr/m/n/10 )\OML/cm
m/m/it/10 ^^N[]\OT1/cmr/m/n/10 (\OML/cmm/m/it/10 q[] \OMS/cmsy/m/n/10 ^^@ \OML/
cmm/m/it/10 q[] \OMS/cmsy/m/n/10 ^^@ \OML/cmm/m/it/10 q[]\OT1/cmr/m/n/10 )\OML/
cmm/m/it/10 :
 []

\openout3 = `exTwoImg10.mp'.

File: exTwoImg10.1 Graphic file (type eps)
<exTwoImg10.1> (./exTwoImg10.t1)
Overfull \hbox (71.01433pt too wide) detected at line 349
[]\OT1/cmr/m/n/10 (2\OML/cmm/m/it/10 ^^Y\OT1/cmr/m/n/10 )[]\OML/cmm/m/it/10 g[]
[][][][]^^N[]\OT1/cmr/m/n/10 (\OML/cmm/m/it/10 p[] \OMS/cmsy/m/n/10 ^^@ \OML/cm
m/m/it/10 p[] \OMS/cmsy/m/n/10 ^^@ \OML/cmm/m/it/10 q[]\OT1/cmr/m/n/10 )\OML/cm
m/m/it/10 ^^N[]\OT1/cmr/m/n/10 (\OML/cmm/m/it/10 q[] \OMS/cmsy/m/n/10 ^^@ \OML/
cmm/m/it/10 q[] \OMS/cmsy/m/n/10 ^^@ \OML/cmm/m/it/10 q[]\OT1/cmr/m/n/10 )\OML/
cmm/m/it/10 ^^N[]\OT1/cmr/m/n/10 (\OML/cmm/m/it/10 q[] \OT1/cmr/m/n/10 + \OML/c
mm/m/it/10 q[] \OMS/cmsy/m/n/10 ^^@ \OML/cmm/m/it/10 q[]\OT1/cmr/m/n/10 )\OML/c
mm/m/it/10 :
 []

[8]
\openout3 = `exTwoImg10.mp'.

File: exTwoImg10.1 Graphic file (type eps)
 <exTwoImg10.1> (./exTwoImg10.t1)
Overfull \hbox (50.68677pt too wide) detected at line 403
[]\OML/cmm/m/it/10 g[] [] [][][][]d[]q[]d[]q[]d[]q[]d[]q[]:
 []


Overfull \hbox (49.03418pt too wide) detected at line 408
[][] [] [][][]\OML/cmm/m/it/10 d[]q[]d[]q[]d[]q[]:
 []


Overfull \hbox (56.99619pt too wide) detected at line 413
[][][] [] [][]\OML/cmm/m/it/10 d[]q[]d[]q[]:
 []

[9]) (./renormalization [10]) (./prequantum.tex

Package amsfonts Warning: Obsolete command \bold; \mathbf should be used instea
d on input line 13.

[11] [12]
LaTeX Font Info:    Try loading font information for OMS+cmr on input line 97.
 (/usr/share/texmf-texlive/tex/latex/base/omscmr.fd
File: omscmr.fd 1999/05/25 v2.5h Standard LaTeX font definitions
)
LaTeX Font Info:    Font shape `OMS/cmr/m/n' in size <10> not available
(Font)              Font shape `OMS/cmsy/m/n' tried instead on input line 97.
 [13] [14]
[15] [16] (./solutions.tex [17] [18] [19] [20]
Overfull \vbox (3.01283pt too high) has occurred while \output is active []


[21])) (./spinors.tex [22]) (./qed.tex (./em.tex [23])
Underfull \hbox (badness 7468) in paragraph at lines 17--17
[]\OT1/cmr/m/n/10 Momentum Space
 []


Underfull \hbox (badness 10000) in paragraph at lines 18--18
[]\OT1/cmr/m/n/10 Adjoint Dirac
 []


Overfull \hbox (42.66983pt too wide) in paragraph at lines 13--23
[][] 
 []

[24] (./rulesQED.tex [25]) (./QEDexOne.tex
\openout3 = `QEDexOneImg1.mp'.

File: QEDexOneImg1.1 Graphic file (type eps)
 <QEDexOneImg1.1> (./QEDexOneImg1.t1)
\openout3 = `QEDexOneImg2.mp'.

File: QEDexOneImg2.1 Graphic file (type eps)
<QEDexOneImg2.1> (./QEDexOneImg2.t1) [26]
\openout3 = `QEDexOneImg3.mp'.

File: QEDexOneImg3.1 Graphic file (type eps)
 <QEDexOneImg3.1> (./QEDexOneImg3.t1)
Overfull \hbox (17.15932pt too wide) detected at line 144
[]\OT1/cmr/m/n/10 [([](\OML/cmm/m/it/10 s[]; p[]\OT1/cmr/m/n/10 ))(\OML/cmm/m/i
t/10 ig[]^^M[]\OT1/cmr/m/n/10 )(\OML/cmm/m/it/10 u\OT1/cmr/m/n/10 (\OML/cmm/m/i
t/10 s[]; p[]\OT1/cmr/m/n/10 ))][][([](\OML/cmm/m/it/10 s[]; p[]\OT1/cmr/m/n/10
 ))(\OML/cmm/m/it/10 ig[]^^M[]\OT1/cmr/m/n/10 )(\OML/cmm/m/it/10 u\OT1/cmr/m/n/
10 (\OML/cmm/m/it/10 s[]; p[]\OT1/cmr/m/n/10 ))] [] \OML/cmm/m/it/10 :
 []

[27]
\openout3 = `QEDexOneImg4.mp'.

File: QEDexOneImg4.1 Graphic file (type eps)
 <QEDexOneImg4.1> (./QEDexOneImg4.t1)
\openout3 = `QEDexOneImg5.mp'.

File: QEDexOneImg5.1 Graphic file (type eps)
 <QEDexOneImg5.1> (./QEDexOneImg5.t1)
Overfull \hbox (7.603pt too wide) in alignment at lines 228--231
 [][][] []
 []

[28]
Overfull \hbox (47.74321pt too wide) detected at line 244
[]\OT1/cmr/m/n/10 (2\OML/cmm/m/it/10 ^^Y\OT1/cmr/m/n/10 )[][][([](\OML/cmm/m/it
/10 s[]; p[]\OT1/cmr/m/n/10 ))(\OML/cmm/m/it/10 ig[]^^M[]\OT1/cmr/m/n/10 )(\OML
/cmm/m/it/10 u\OT1/cmr/m/n/10 (\OML/cmm/m/it/10 s[]; p[]\OT1/cmr/m/n/10 ))][([]
(\OML/cmm/m/it/10 s[]; p[]\OT1/cmr/m/n/10 ))(\OML/cmm/m/it/10 ig[]^^M[]\OT1/cmr
/m/n/10 )(\OML/cmm/m/it/10 u\OT1/cmr/m/n/10 (\OML/cmm/m/it/10 s[]; p[]\OT1/cmr/
m/n/10 ))]\OML/cmm/m/it/10 ^^N[]\OT1/cmr/m/n/10 (\OML/cmm/m/it/10 p[] \OT1/cmr/
m/n/10 + \OML/cmm/m/it/10 p[] \OMS/cmsy/m/n/10 ^^@ \OML/cmm/m/it/10 p[] \OMS/cm
sy/m/n/10 ^^@ \OML/cmm/m/it/10 p[]\OT1/cmr/m/n/10 )\OML/cmm/m/it/10 :
 []

) (./moller.tex
\openout3 = `mollerImg1.mp'.

File: mollerImg1.1 Graphic file (type eps)
 <mollerImg1.1> (./mollerImg1.t1) [29]
\openout3 = `mollerImg2.mp'.

File: mollerImg2.1 Graphic file (type eps)
 <mollerImg2.1>
(./mollerImg2.t1))) (./conclusion.tex [30]) (./gamma.tex [31] [32])
(./decay.tex [33]
Overfull \hbox (58.7139pt too wide) detected at line 48
[]\OML/cmm/m/it/10 d\OT1/cmr/m/n/10 ^^@ = \OMS/cmsy/m/n/10 jMj[][] [] ^^B \OT1/
cmr/m/n/10 (2\OML/cmm/m/it/10 ^^Y\OT1/cmr/m/n/10 )[]\OML/cmm/m/it/10 ^^N[]\OT1/
cmr/m/n/10 (\OML/cmm/m/it/10 p[] \OMS/cmsy/m/n/10 ^^@ \OT1/cmr/m/n/10 (\OML/cmm
/m/it/10 p[] \OT1/cmr/m/n/10 + \OML/cmm/m/it/10 p[] \OT1/cmr/m/n/10 + [] + \OML
/cmm/m/it/10 p[]\OT1/cmr/m/n/10 ))
 []

) (./feynman.bbl) [34] (./feynman.aux) ) 
Here is how much of TeX's memory you used:
 4505 strings out of 94081
 57765 string characters out of 1165334
 124015 words of memory out of 1500000
 7451 multiletter control sequences out of 10000+50000
 13629 words of font info for 55 fonts, out of 1200000 for 2000
 806 hyphenation exceptions out of 8191
 34i,14n,40p,960b,460s stack positions out of 5000i,500n,6000p,200000b,5000s

Output written on feynman.dvi (34 pages, 204868 bytes).
