\BOOKMARK [1][-]{section.1}{1. Path Integrals In Quantum Mechanics}{}
\BOOKMARK [2][-]{subsection.1.1}{1.1. Definition via Unitary Time Evolution}{section.1}
\BOOKMARK [2][-]{subsection.1.2}{1.2. Functional Derivatives}{section.1}
\BOOKMARK [2][-]{subsection.1.3}{1.3. Connecting Back to Canonical Formalism}{section.1}
\BOOKMARK [2][-]{subsection.1.4}{1.4. Limit of Discretized Scheme.}{section.1}
\BOOKMARK [2][-]{subsection.1.5}{1.5. Equivalence of Definitions}{section.1}
\BOOKMARK [2][-]{subsection.1.6}{1.6. Generalization to Multiple Dimensions}{section.1}
\BOOKMARK [1][-]{section.2}{2. Path Integral Quantization of Harmonic Oscillator}{}
\BOOKMARK [1][-]{section.3}{3. Functional Quantization of Scalar Fields}{}
\BOOKMARK [2][-]{subsection.3.1}{3.1. Slick Method of Computing Correlation Functions}{section.3}
\BOOKMARK [1][-]{section.4}{4. Functional Quantization of Electromagnetic Field}{}
\BOOKMARK [1][-]{section.5}{5. Functional Quantization of Spinor Fields}{}
\BOOKMARK [2][-]{subsection.5.1}{5.1. Fermionic Numbers}{section.5}
\BOOKMARK [2][-]{subsection.5.2}{5.2. Dirac Propagator}{section.5}
\BOOKMARK [1][-]{appendix.A}{Appendix A. Notes on the Functional Determinant}{}
\BOOKMARK [2][-]{subsection.A.1}{A.1. Introduction}{appendix.A}
\BOOKMARK [2][-]{subsection.A.2}{A.2. Review of Finite Dimensional Determinants}{appendix.A}
\BOOKMARK [2][-]{subsection.A.3}{A.3. Zeta-Regularisation Scheme}{appendix.A}
\BOOKMARK [2][-]{subsection.A.4}{A.4. Example: Heat Equation}{appendix.A}
\BOOKMARK [2][-]{subsection.A.5}{A.5. Example: Quantum Harmonic Oscillator}{appendix.A}
\BOOKMARK [1][-]{appendix.B}{Appendix B. Glossary}{}
\BOOKMARK [1][-]{section*.2}{References}{}
